{"/home/jersonlopez/Documentos/Proyectos/Integrador-Backend/app.js":{"path":"/home/jersonlopez/Documentos/Proyectos/Integrador-Backend/app.js","statementMap":{"0":{"start":{"line":1,"column":21},"end":{"line":1,"column":67}},"1":{"start":{"line":2,"column":15},"end":{"line":2,"column":37}},"2":{"start":{"line":5,"column":10},"end":{"line":5,"column":29}},"3":{"start":{"line":7,"column":0},"end":{"line":7,"column":27}},"4":{"start":{"line":9,"column":0},"end":{"line":11,"column":2}},"5":{"start":{"line":10,"column":4},"end":{"line":10,"column":75}},"6":{"start":{"line":13,"column":0},"end":{"line":13,"column":8}},"7":{"start":{"line":14,"column":0},"end":{"line":14,"column":2}},"8":{"start":{"line":16,"column":0},"end":{"line":16,"column":21}}},"fnMap":{"0":{"name":"(anonymous_0)","decl":{"start":{"line":9,"column":28},"end":{"line":9,"column":29}},"loc":{"start":{"line":9,"column":34},"end":{"line":11,"column":1}},"line":9}},"branchMap":{},"s":{"0":1,"1":1,"2":1,"3":1,"4":1,"5":1,"6":1,"7":1,"8":1},"f":{"0":1},"b":{},"_coverageSchema":"332fd63041d2c1bcb487cc26dd0d5f7d97098a6c","hash":"a569bbf053187ede9ed1c7c7501de06ebad295a6","contentHash":"2cf8e89e818189ade9d4a14f5736b6be_11.4.1"},"/home/jersonlopez/Documentos/Proyectos/Integrador-Backend/App/features/db/schedule/schedule.js":{"path":"/home/jersonlopez/Documentos/Proyectos/Integrador-Backend/App/features/db/schedule/schedule.js","statementMap":{"0":{"start":{"line":3,"column":25},"end":{"line":3,"column":49}},"1":{"start":{"line":5,"column":21},"end":{"line":5,"column":64}},"2":{"start":{"line":6,"column":37},"end":{"line":6,"column":76}},"3":{"start":{"line":9,"column":30},"end":{"line":19,"column":1}},"4":{"start":{"line":11,"column":17},"end":{"line":11,"column":45}},"5":{"start":{"line":12,"column":21},"end":{"line":12,"column":71}},"6":{"start":{"line":13,"column":4},"end":{"line":18,"column":7}},"7":{"start":{"line":15,"column":8},"end":{"line":15,"column":19}},"8":{"start":{"line":17,"column":8},"end":{"line":17,"column":27}},"9":{"start":{"line":22,"column":16},"end":{"line":22,"column":47}},"10":{"start":{"line":23,"column":4},"end":{"line":37,"column":5}},"11":{"start":{"line":24,"column":8},"end":{"line":36,"column":9}},"12":{"start":{"line":25,"column":30},"end":{"line":25,"column":55}},"13":{"start":{"line":27,"column":25},"end":{"line":27,"column":44}},"14":{"start":{"line":28,"column":22},"end":{"line":28,"column":51}},"15":{"start":{"line":29,"column":12},"end":{"line":34,"column":15}},"16":{"start":{"line":31,"column":16},"end":{"line":31,"column":53}},"17":{"start":{"line":33,"column":16},"end":{"line":33,"column":79}},"18":{"start":{"line":42,"column":15},"end":{"line":42,"column":44}},"19":{"start":{"line":44,"column":4},"end":{"line":44,"column":51}},"20":{"start":{"line":45,"column":4},"end":{"line":45,"column":19}},"21":{"start":{"line":46,"column":4},"end":{"line":46,"column":20}},"22":{"start":{"line":48,"column":12},"end":{"line":50,"column":6}},"23":{"start":{"line":49,"column":8},"end":{"line":49,"column":36}},"24":{"start":{"line":54,"column":0},"end":{"line":54,"column":29}}},"fnMap":{"0":{"name":"(anonymous_0)","decl":{"start":{"line":9,"column":30},"end":{"line":9,"column":31}},"loc":{"start":{"line":9,"column":42},"end":{"line":19,"column":1}},"line":9},"1":{"name":"(anonymous_1)","decl":{"start":{"line":14,"column":10},"end":{"line":14,"column":11}},"loc":{"start":{"line":14,"column":20},"end":{"line":16,"column":5}},"line":14},"2":{"name":"(anonymous_2)","decl":{"start":{"line":16,"column":13},"end":{"line":16,"column":14}},"loc":{"start":{"line":16,"column":22},"end":{"line":18,"column":5}},"line":16},"3":{"name":"updateSanctionSportOffices","decl":{"start":{"line":21,"column":15},"end":{"line":21,"column":41}},"loc":{"start":{"line":21,"column":44},"end":{"line":38,"column":1}},"line":21},"4":{"name":"(anonymous_4)","decl":{"start":{"line":30,"column":18},"end":{"line":30,"column":19}},"loc":{"start":{"line":30,"column":28},"end":{"line":32,"column":13}},"line":30},"5":{"name":"(anonymous_5)","decl":{"start":{"line":32,"column":21},"end":{"line":32,"column":22}},"loc":{"start":{"line":32,"column":30},"end":{"line":34,"column":13}},"line":32},"6":{"name":"schedule","decl":{"start":{"line":41,"column":9},"end":{"line":41,"column":17}},"loc":{"start":{"line":41,"column":20},"end":{"line":52,"column":1}},"line":41},"7":{"name":"(anonymous_7)","decl":{"start":{"line":48,"column":47},"end":{"line":48,"column":48}},"loc":{"start":{"line":48,"column":59},"end":{"line":50,"column":5}},"line":48}},"branchMap":{"0":{"loc":{"start":{"line":24,"column":8},"end":{"line":36,"column":9}},"type":"if","locations":[{"start":{"line":24,"column":8},"end":{"line":36,"column":9}},{"start":{"line":24,"column":8},"end":{"line":36,"column":9}}],"line":24}},"s":{"0":1,"1":1,"2":1,"3":1,"4":0,"5":0,"6":0,"7":0,"8":0,"9":0,"10":0,"11":0,"12":0,"13":0,"14":0,"15":0,"16":0,"17":0,"18":0,"19":0,"20":0,"21":0,"22":0,"23":0,"24":1},"f":{"0":0,"1":0,"2":0,"3":0,"4":0,"5":0,"6":0,"7":0},"b":{"0":[0,0]},"_coverageSchema":"332fd63041d2c1bcb487cc26dd0d5f7d97098a6c","hash":"251c35823fd5646d942613056353356176047027","contentHash":"a4ecccc492d2f6e3d79ff7c5e35c2edb_11.4.1"},"/home/jersonlopez/Documentos/Proyectos/Integrador-Backend/App/features/domain/entities/Devolution.js":{"path":"/home/jersonlopez/Documentos/Proyectos/Integrador-Backend/App/features/domain/entities/Devolution.js","statementMap":{"0":{"start":{"line":3,"column":15},"end":{"line":3,"column":34}},"1":{"start":{"line":4,"column":13},"end":{"line":4,"column":28}},"2":{"start":{"line":6,"column":27},"end":{"line":35,"column":3}},"3":{"start":{"line":38,"column":23},"end":{"line":38,"column":55}},"4":{"start":{"line":39,"column":17},"end":{"line":39,"column":63}},"5":{"start":{"line":41,"column":2},"end":{"line":43,"column":3}}},"fnMap":{},"branchMap":{},"s":{"0":1,"1":1,"2":1,"3":1,"4":1,"5":1},"f":{},"b":{},"_coverageSchema":"332fd63041d2c1bcb487cc26dd0d5f7d97098a6c","hash":"3b2046c8090e77fae2accbe91e3022647bc9c551","contentHash":"e1bdc2e7729cad8a649b657a67445f2f_11.4.1"},"/home/jersonlopez/Documentos/Proyectos/Integrador-Backend/App/features/domain/repository/crud.js":{"path":"/home/jersonlopez/Documentos/Proyectos/Integrador-Backend/App/features/domain/repository/crud.js","statementMap":{"0":{"start":{"line":2,"column":11},"end":{"line":9,"column":1}},"1":{"start":{"line":3,"column":4},"end":{"line":8,"column":6}},"2":{"start":{"line":4,"column":8},"end":{"line":7,"column":10}},"3":{"start":{"line":5,"column":12},"end":{"line":5,"column":32}},"4":{"start":{"line":5,"column":21},"end":{"line":5,"column":32}},"5":{"start":{"line":6,"column":12},"end":{"line":6,"column":41}},"6":{"start":{"line":6,"column":25},"end":{"line":6,"column":41}},"7":{"start":{"line":11,"column":11},"end":{"line":16,"column":1}},"8":{"start":{"line":12,"column":16},"end":{"line":14,"column":6}},"9":{"start":{"line":13,"column":8},"end":{"line":13,"column":34}},"10":{"start":{"line":13,"column":17},"end":{"line":13,"column":34}},"11":{"start":{"line":15,"column":4},"end":{"line":15,"column":70}},"12":{"start":{"line":18,"column":13},"end":{"line":25,"column":1}},"13":{"start":{"line":19,"column":4},"end":{"line":24,"column":6}},"14":{"start":{"line":20,"column":8},"end":{"line":23,"column":10}},"15":{"start":{"line":21,"column":12},"end":{"line":21,"column":32}},"16":{"start":{"line":21,"column":21},"end":{"line":21,"column":32}},"17":{"start":{"line":22,"column":12},"end":{"line":22,"column":41}},"18":{"start":{"line":22,"column":25},"end":{"line":22,"column":41}},"19":{"start":{"line":27,"column":13},"end":{"line":34,"column":1}},"20":{"start":{"line":28,"column":4},"end":{"line":33,"column":6}},"21":{"start":{"line":29,"column":8},"end":{"line":32,"column":10}},"22":{"start":{"line":30,"column":12},"end":{"line":30,"column":32}},"23":{"start":{"line":30,"column":21},"end":{"line":30,"column":32}},"24":{"start":{"line":31,"column":12},"end":{"line":31,"column":41}},"25":{"start":{"line":31,"column":25},"end":{"line":31,"column":41}},"26":{"start":{"line":37,"column":0},"end":{"line":42,"column":1}}},"fnMap":{"0":{"name":"(anonymous_0)","decl":{"start":{"line":2,"column":11},"end":{"line":2,"column":12}},"loc":{"start":{"line":2,"column":29},"end":{"line":9,"column":1}},"line":2},"1":{"name":"(anonymous_1)","decl":{"start":{"line":3,"column":23},"end":{"line":3,"column":24}},"loc":{"start":{"line":3,"column":42},"end":{"line":8,"column":5}},"line":3},"2":{"name":"(anonymous_2)","decl":{"start":{"line":4,"column":20},"end":{"line":4,"column":21}},"loc":{"start":{"line":4,"column":38},"end":{"line":7,"column":9}},"line":4},"3":{"name":"(anonymous_3)","decl":{"start":{"line":11,"column":11},"end":{"line":11,"column":12}},"loc":{"start":{"line":11,"column":43},"end":{"line":16,"column":1}},"line":11},"4":{"name":"(anonymous_4)","decl":{"start":{"line":12,"column":48},"end":{"line":12,"column":49}},"loc":{"start":{"line":12,"column":66},"end":{"line":14,"column":5}},"line":12},"5":{"name":"(anonymous_5)","decl":{"start":{"line":18,"column":13},"end":{"line":18,"column":14}},"loc":{"start":{"line":18,"column":38},"end":{"line":25,"column":1}},"line":18},"6":{"name":"(anonymous_6)","decl":{"start":{"line":19,"column":23},"end":{"line":19,"column":24}},"loc":{"start":{"line":19,"column":42},"end":{"line":24,"column":5}},"line":19},"7":{"name":"(anonymous_7)","decl":{"start":{"line":20,"column":44},"end":{"line":20,"column":45}},"loc":{"start":{"line":20,"column":62},"end":{"line":23,"column":9}},"line":20},"8":{"name":"(anonymous_8)","decl":{"start":{"line":27,"column":13},"end":{"line":27,"column":14}},"loc":{"start":{"line":27,"column":33},"end":{"line":34,"column":1}},"line":27},"9":{"name":"(anonymous_9)","decl":{"start":{"line":28,"column":23},"end":{"line":28,"column":24}},"loc":{"start":{"line":28,"column":42},"end":{"line":33,"column":5}},"line":28},"10":{"name":"(anonymous_10)","decl":{"start":{"line":29,"column":39},"end":{"line":29,"column":40}},"loc":{"start":{"line":29,"column":57},"end":{"line":32,"column":9}},"line":29}},"branchMap":{"0":{"loc":{"start":{"line":5,"column":12},"end":{"line":5,"column":32}},"type":"if","locations":[{"start":{"line":5,"column":12},"end":{"line":5,"column":32}},{"start":{"line":5,"column":12},"end":{"line":5,"column":32}}],"line":5},"1":{"loc":{"start":{"line":6,"column":12},"end":{"line":6,"column":41}},"type":"if","locations":[{"start":{"line":6,"column":12},"end":{"line":6,"column":41}},{"start":{"line":6,"column":12},"end":{"line":6,"column":41}}],"line":6},"2":{"loc":{"start":{"line":13,"column":8},"end":{"line":13,"column":34}},"type":"if","locations":[{"start":{"line":13,"column":8},"end":{"line":13,"column":34}},{"start":{"line":13,"column":8},"end":{"line":13,"column":34}}],"line":13},"3":{"loc":{"start":{"line":15,"column":11},"end":{"line":15,"column":70}},"type":"cond-expr","locations":[{"start":{"line":15,"column":24},"end":{"line":15,"column":55}},{"start":{"line":15,"column":58},"end":{"line":15,"column":70}}],"line":15},"4":{"loc":{"start":{"line":21,"column":12},"end":{"line":21,"column":32}},"type":"if","locations":[{"start":{"line":21,"column":12},"end":{"line":21,"column":32}},{"start":{"line":21,"column":12},"end":{"line":21,"column":32}}],"line":21},"5":{"loc":{"start":{"line":22,"column":12},"end":{"line":22,"column":41}},"type":"if","locations":[{"start":{"line":22,"column":12},"end":{"line":22,"column":41}},{"start":{"line":22,"column":12},"end":{"line":22,"column":41}}],"line":22},"6":{"loc":{"start":{"line":30,"column":12},"end":{"line":30,"column":32}},"type":"if","locations":[{"start":{"line":30,"column":12},"end":{"line":30,"column":32}},{"start":{"line":30,"column":12},"end":{"line":30,"column":32}}],"line":30},"7":{"loc":{"start":{"line":31,"column":12},"end":{"line":31,"column":41}},"type":"if","locations":[{"start":{"line":31,"column":12},"end":{"line":31,"column":41}},{"start":{"line":31,"column":12},"end":{"line":31,"column":41}}],"line":31}},"s":{"0":1,"1":1,"2":1,"3":1,"4":0,"5":1,"6":1,"7":1,"8":2,"9":2,"10":0,"11":2,"12":1,"13":0,"14":0,"15":0,"16":0,"17":0,"18":0,"19":1,"20":0,"21":0,"22":0,"23":0,"24":0,"25":0,"26":1},"f":{"0":1,"1":1,"2":1,"3":2,"4":2,"5":0,"6":0,"7":0,"8":0,"9":0,"10":0},"b":{"0":[0,1],"1":[1,0],"2":[0,2],"3":[2,0],"4":[0,0],"5":[0,0],"6":[0,0],"7":[0,0]},"_coverageSchema":"332fd63041d2c1bcb487cc26dd0d5f7d97098a6c","hash":"3b4af928b3d663451fe1572e7e83f4e251756039","contentHash":"636a333ee31f0e6ae4bc3896c65d469e_11.4.1"},"/home/jersonlopez/Documentos/Proyectos/Integrador-Backend/conection.js":{"path":"/home/jersonlopez/Documentos/Proyectos/Integrador-Backend/conection.js","statementMap":{"0":{"start":{"line":1,"column":17},"end":{"line":1,"column":36}},"1":{"start":{"line":2,"column":13},"end":{"line":2,"column":30}},"2":{"start":{"line":4,"column":10},"end":{"line":4,"column":23}},"3":{"start":{"line":6,"column":0},"end":{"line":12,"column":2}},"4":{"start":{"line":7,"column":2},"end":{"line":11,"column":3}},"5":{"start":{"line":8,"column":4},"end":{"line":8,"column":30}},"6":{"start":{"line":10,"column":4},"end":{"line":10,"column":51}},"7":{"start":{"line":14,"column":11},"end":{"line":14,"column":59}},"8":{"start":{"line":16,"column":0},"end":{"line":16,"column":14}}},"fnMap":{"0":{"name":"(anonymous_0)","decl":{"start":{"line":6,"column":32},"end":{"line":6,"column":33}},"loc":{"start":{"line":6,"column":41},"end":{"line":12,"column":1}},"line":6}},"branchMap":{"0":{"loc":{"start":{"line":7,"column":2},"end":{"line":11,"column":3}},"type":"if","locations":[{"start":{"line":7,"column":2},"end":{"line":11,"column":3}},{"start":{"line":7,"column":2},"end":{"line":11,"column":3}}],"line":7}},"s":{"0":1,"1":1,"2":1,"3":1,"4":0,"5":0,"6":0,"7":1,"8":1},"f":{"0":0},"b":{"0":[0,0]},"_coverageSchema":"332fd63041d2c1bcb487cc26dd0d5f7d97098a6c","hash":"925f2f4f855c6b5bb1f917ddadd6ba97b90d0bdd","contentHash":"eebb1cd1fc60bd85fe0224ca7e5ab3b5_11.4.1"},"/home/jersonlopez/Documentos/Proyectos/Integrador-Backend/server.js":{"path":"/home/jersonlopez/Documentos/Proyectos/Integrador-Backend/server.js","statementMap":{"0":{"start":{"line":3,"column":16},"end":{"line":3,"column":34}},"1":{"start":{"line":4,"column":15},"end":{"line":4,"column":32}},"2":{"start":{"line":5,"column":13},"end":{"line":5,"column":28}},"3":{"start":{"line":6,"column":19},"end":{"line":6,"column":41}},"4":{"start":{"line":7,"column":15},"end":{"line":7,"column":34}},"5":{"start":{"line":8,"column":15},"end":{"line":8,"column":38}},"6":{"start":{"line":10,"column":10},"end":{"line":10,"column":19}},"7":{"start":{"line":12,"column":0},"end":{"line":12,"column":28}},"8":{"start":{"line":13,"column":0},"end":{"line":13,"column":51}},"9":{"start":{"line":14,"column":0},"end":{"line":14,"column":27}},"10":{"start":{"line":15,"column":0},"end":{"line":15,"column":34}},"11":{"start":{"line":17,"column":0},"end":{"line":17,"column":15}},"12":{"start":{"line":18,"column":0},"end":{"line":18,"column":24}},"13":{"start":{"line":19,"column":0},"end":{"line":23,"column":2}},"14":{"start":{"line":20,"column":4},"end":{"line":20,"column":50}},"15":{"start":{"line":21,"column":4},"end":{"line":21,"column":96}},"16":{"start":{"line":22,"column":4},"end":{"line":22,"column":10}},"17":{"start":{"line":25,"column":0},"end":{"line":25,"column":20}},"18":{"start":{"line":27,"column":0},"end":{"line":27,"column":20}}},"fnMap":{"0":{"name":"(anonymous_0)","decl":{"start":{"line":19,"column":8},"end":{"line":19,"column":9}},"loc":{"start":{"line":19,"column":33},"end":{"line":23,"column":1}},"line":19}},"branchMap":{},"s":{"0":1,"1":1,"2":1,"3":1,"4":1,"5":1,"6":1,"7":1,"8":1,"9":1,"10":1,"11":1,"12":1,"13":1,"14":1,"15":1,"16":1,"17":1,"18":1},"f":{"0":1},"b":{},"_coverageSchema":"332fd63041d2c1bcb487cc26dd0d5f7d97098a6c","hash":"10c110f33a0efe27543b0b3f02ae0084fb7ed992","contentHash":"d097a63e56e549d4c3fac8e84d54511b_11.4.1"},"/home/jersonlopez/Documentos/Proyectos/Integrador-Backend/config.js":{"path":"/home/jersonlopez/Documentos/Proyectos/Integrador-Backend/config.js","statementMap":{"0":{"start":{"line":3,"column":13},"end":{"line":3,"column":28}},"1":{"start":{"line":5,"column":17},"end":{"line":5,"column":45}},"2":{"start":{"line":6,"column":13},"end":{"line":6,"column":37}},"3":{"start":{"line":7,"column":19},"end":{"line":7,"column":51}},"4":{"start":{"line":9,"column":0},"end":{"line":13,"column":1}}},"fnMap":{},"branchMap":{"0":{"loc":{"start":{"line":6,"column":13},"end":{"line":6,"column":37}},"type":"binary-expr","locations":[{"start":{"line":6,"column":13},"end":{"line":6,"column":29}},{"start":{"line":6,"column":33},"end":{"line":6,"column":37}}],"line":6},"1":{"loc":{"start":{"line":7,"column":19},"end":{"line":7,"column":51}},"type":"cond-expr","locations":[{"start":{"line":7,"column":37},"end":{"line":7,"column":42}},{"start":{"line":7,"column":45},"end":{"line":7,"column":51}}],"line":7}},"s":{"0":1,"1":1,"2":1,"3":1,"4":1},"f":{},"b":{"0":[1,1],"1":[0,1]},"_coverageSchema":"332fd63041d2c1bcb487cc26dd0d5f7d97098a6c","hash":"894f43c44e4247979a66c2da7f1eda0064fcfcc9","contentHash":"27ff99bbb0d966a0ead76f6cf5483040_11.4.1"},"/home/jersonlopez/Documentos/Proyectos/Integrador-Backend/App/routes.js":{"path":"/home/jersonlopez/Documentos/Proyectos/Integrador-Backend/App/routes.js","statementMap":{"0":{"start":{"line":3,"column":15},"end":{"line":3,"column":40}},"1":{"start":{"line":4,"column":13},"end":{"line":4,"column":25}},"2":{"start":{"line":6,"column":28},"end":{"line":6,"column":77}},"3":{"start":{"line":7,"column":23},"end":{"line":7,"column":67}},"4":{"start":{"line":8,"column":29},"end":{"line":8,"column":79}},"5":{"start":{"line":9,"column":30},"end":{"line":9,"column":81}},"6":{"start":{"line":10,"column":28},"end":{"line":10,"column":76}},"7":{"start":{"line":14,"column":26},"end":{"line":14,"column":67}},"8":{"start":{"line":15,"column":20},"end":{"line":15,"column":61}},"9":{"start":{"line":16,"column":16},"end":{"line":16,"column":53}},"10":{"start":{"line":17,"column":22},"end":{"line":17,"column":65}},"11":{"start":{"line":18,"column":16},"end":{"line":18,"column":53}},"12":{"start":{"line":20,"column":0},"end":{"line":20,"column":41}},"13":{"start":{"line":21,"column":0},"end":{"line":21,"column":36}},"14":{"start":{"line":22,"column":0},"end":{"line":22,"column":42}},"15":{"start":{"line":23,"column":0},"end":{"line":23,"column":43}},"16":{"start":{"line":24,"column":0},"end":{"line":24,"column":40}},"17":{"start":{"line":27,"column":0},"end":{"line":27,"column":39}},"18":{"start":{"line":28,"column":0},"end":{"line":28,"column":32}},"19":{"start":{"line":29,"column":0},"end":{"line":29,"column":28}},"20":{"start":{"line":30,"column":0},"end":{"line":30,"column":34}},"21":{"start":{"line":31,"column":0},"end":{"line":31,"column":28}},"22":{"start":{"line":33,"column":0},"end":{"line":33,"column":23}}},"fnMap":{},"branchMap":{},"s":{"0":1,"1":1,"2":1,"3":1,"4":1,"5":1,"6":1,"7":1,"8":1,"9":1,"10":1,"11":1,"12":1,"13":1,"14":1,"15":1,"16":1,"17":1,"18":1,"19":1,"20":1,"21":1,"22":1},"f":{},"b":{},"_coverageSchema":"332fd63041d2c1bcb487cc26dd0d5f7d97098a6c","hash":"b9261a133197433f7fc39264e8c7c11e39945cbb","contentHash":"66aa03f205554fb8d35b2529f0dd0286_11.4.1"},"/home/jersonlopez/Documentos/Proyectos/Integrador-Backend/App/features/db/playRoom/implement/route.js":{"path":"/home/jersonlopez/Documentos/Proyectos/Integrador-Backend/App/features/db/playRoom/implement/route.js","statementMap":{"0":{"start":{"line":1,"column":15},"end":{"line":1,"column":40}},"1":{"start":{"line":3,"column":22},"end":{"line":3,"column":39}},"2":{"start":{"line":5,"column":13},"end":{"line":5,"column":25}},"3":{"start":{"line":7,"column":0},"end":{"line":10,"column":2}},"4":{"start":{"line":9,"column":4},"end":{"line":9,"column":41}},"5":{"start":{"line":12,"column":0},"end":{"line":15,"column":2}},"6":{"start":{"line":14,"column":4},"end":{"line":14,"column":43}},"7":{"start":{"line":17,"column":0},"end":{"line":20,"column":3}},"8":{"start":{"line":19,"column":4},"end":{"line":19,"column":42}},"9":{"start":{"line":22,"column":1},"end":{"line":25,"column":2}},"10":{"start":{"line":24,"column":3},"end":{"line":24,"column":43}},"11":{"start":{"line":28,"column":0},"end":{"line":28,"column":23}}},"fnMap":{"0":{"name":"(anonymous_0)","decl":{"start":{"line":8,"column":8},"end":{"line":8,"column":9}},"loc":{"start":{"line":8,"column":21},"end":{"line":10,"column":1}},"line":8},"1":{"name":"(anonymous_1)","decl":{"start":{"line":13,"column":7},"end":{"line":13,"column":8}},"loc":{"start":{"line":13,"column":20},"end":{"line":15,"column":1}},"line":13},"2":{"name":"(anonymous_2)","decl":{"start":{"line":18,"column":10},"end":{"line":18,"column":11}},"loc":{"start":{"line":18,"column":23},"end":{"line":20,"column":2}},"line":18},"3":{"name":"(anonymous_3)","decl":{"start":{"line":23,"column":7},"end":{"line":23,"column":8}},"loc":{"start":{"line":23,"column":20},"end":{"line":25,"column":1}},"line":23}},"branchMap":{},"s":{"0":1,"1":1,"2":1,"3":1,"4":0,"5":1,"6":0,"7":1,"8":0,"9":1,"10":0,"11":1},"f":{"0":0,"1":0,"2":0,"3":0},"b":{},"_coverageSchema":"332fd63041d2c1bcb487cc26dd0d5f7d97098a6c","hash":"93190ae86591a8c991cabaf89862d79f56472181","contentHash":"24c7b91efe7b4c98327a507feaf7e819_11.4.1"},"/home/jersonlopez/Documentos/Proyectos/Integrador-Backend/App/features/db/playRoom/implement/util.js":{"path":"/home/jersonlopez/Documentos/Proyectos/Integrador-Backend/App/features/db/playRoom/implement/util.js","statementMap":{"0":{"start":{"line":1,"column":21},"end":{"line":1,"column":39}},"1":{"start":{"line":2,"column":20},"end":{"line":2,"column":48}},"2":{"start":{"line":5,"column":0},"end":{"line":5,"column":43}},"3":{"start":{"line":6,"column":0},"end":{"line":6,"column":47}},"4":{"start":{"line":10,"column":2},"end":{"line":40,"column":5}},"5":{"start":{"line":12,"column":4},"end":{"line":38,"column":5}},"6":{"start":{"line":15,"column":6},"end":{"line":15,"column":36}},"7":{"start":{"line":16,"column":6},"end":{"line":16,"column":78}},"8":{"start":{"line":19,"column":6},"end":{"line":21,"column":8}},"9":{"start":{"line":20,"column":8},"end":{"line":20,"column":83}},"10":{"start":{"line":23,"column":21},"end":{"line":25,"column":8}},"11":{"start":{"line":26,"column":6},"end":{"line":28,"column":8}},"12":{"start":{"line":27,"column":8},"end":{"line":27,"column":67}},"13":{"start":{"line":30,"column":22},"end":{"line":32,"column":8}},"14":{"start":{"line":33,"column":6},"end":{"line":36,"column":8}},"15":{"start":{"line":34,"column":8},"end":{"line":34,"column":25}},"16":{"start":{"line":44,"column":2},"end":{"line":46,"column":4}},"17":{"start":{"line":45,"column":4},"end":{"line":45,"column":30}},"18":{"start":{"line":50,"column":2},"end":{"line":56,"column":4}},"19":{"start":{"line":51,"column":4},"end":{"line":55,"column":5}},"20":{"start":{"line":52,"column":6},"end":{"line":52,"column":86}},"21":{"start":{"line":54,"column":6},"end":{"line":54,"column":32}},"22":{"start":{"line":61,"column":2},"end":{"line":77,"column":4}},"23":{"start":{"line":63,"column":4},"end":{"line":76,"column":5}},"24":{"start":{"line":66,"column":6},"end":{"line":66,"column":36}},"25":{"start":{"line":67,"column":6},"end":{"line":67,"column":78}},"26":{"start":{"line":68,"column":6},"end":{"line":75,"column":7}},"27":{"start":{"line":69,"column":8},"end":{"line":71,"column":10}},"28":{"start":{"line":70,"column":10},"end":{"line":70,"column":85}},"29":{"start":{"line":74,"column":8},"end":{"line":74,"column":94}},"30":{"start":{"line":81,"column":2},"end":{"line":85,"column":5}},"31":{"start":{"line":82,"column":4},"end":{"line":84,"column":5}},"32":{"start":{"line":83,"column":6},"end":{"line":83,"column":68}},"33":{"start":{"line":88,"column":0},"end":{"line":94,"column":1}}},"fnMap":{"0":{"name":"saveImplements","decl":{"start":{"line":9,"column":9},"end":{"line":9,"column":23}},"loc":{"start":{"line":9,"column":34},"end":{"line":41,"column":1}},"line":9},"1":{"name":"(anonymous_1)","decl":{"start":{"line":10,"column":73},"end":{"line":10,"column":74}},"loc":{"start":{"line":10,"column":93},"end":{"line":40,"column":3}},"line":10},"2":{"name":"(anonymous_2)","decl":{"start":{"line":19,"column":99},"end":{"line":19,"column":100}},"loc":{"start":{"line":19,"column":114},"end":{"line":21,"column":7}},"line":19},"3":{"name":"(anonymous_3)","decl":{"start":{"line":26,"column":20},"end":{"line":26,"column":21}},"loc":{"start":{"line":26,"column":32},"end":{"line":28,"column":7}},"line":26},"4":{"name":"(anonymous_4)","decl":{"start":{"line":33,"column":21},"end":{"line":33,"column":22}},"loc":{"start":{"line":33,"column":36},"end":{"line":36,"column":7}},"line":33},"5":{"name":"getAllImplements","decl":{"start":{"line":43,"column":9},"end":{"line":43,"column":25}},"loc":{"start":{"line":43,"column":36},"end":{"line":47,"column":1}},"line":43},"6":{"name":"(anonymous_6)","decl":{"start":{"line":44,"column":39},"end":{"line":44,"column":40}},"loc":{"start":{"line":44,"column":59},"end":{"line":46,"column":3}},"line":44},"7":{"name":"getByImplement","decl":{"start":{"line":49,"column":9},"end":{"line":49,"column":23}},"loc":{"start":{"line":49,"column":34},"end":{"line":57,"column":1}},"line":49},"8":{"name":"(anonymous_8)","decl":{"start":{"line":50,"column":78},"end":{"line":50,"column":79}},"loc":{"start":{"line":50,"column":98},"end":{"line":56,"column":3}},"line":50},"9":{"name":"decreaseImplement","decl":{"start":{"line":60,"column":9},"end":{"line":60,"column":26}},"loc":{"start":{"line":60,"column":37},"end":{"line":78,"column":1}},"line":60},"10":{"name":"(anonymous_10)","decl":{"start":{"line":61,"column":73},"end":{"line":61,"column":74}},"loc":{"start":{"line":61,"column":93},"end":{"line":77,"column":3}},"line":61},"11":{"name":"(anonymous_11)","decl":{"start":{"line":69,"column":101},"end":{"line":69,"column":102}},"loc":{"start":{"line":69,"column":116},"end":{"line":71,"column":9}},"line":69},"12":{"name":"deleteImplement","decl":{"start":{"line":80,"column":9},"end":{"line":80,"column":24}},"loc":{"start":{"line":80,"column":35},"end":{"line":86,"column":1}},"line":80},"13":{"name":"(anonymous_13)","decl":{"start":{"line":81,"column":79},"end":{"line":81,"column":80}},"loc":{"start":{"line":81,"column":94},"end":{"line":85,"column":3}},"line":81}},"branchMap":{"0":{"loc":{"start":{"line":12,"column":4},"end":{"line":38,"column":5}},"type":"if","locations":[{"start":{"line":12,"column":4},"end":{"line":38,"column":5}},{"start":{"line":12,"column":4},"end":{"line":38,"column":5}}],"line":12},"1":{"loc":{"start":{"line":51,"column":4},"end":{"line":55,"column":5}},"type":"if","locations":[{"start":{"line":51,"column":4},"end":{"line":55,"column":5}},{"start":{"line":51,"column":4},"end":{"line":55,"column":5}}],"line":51},"2":{"loc":{"start":{"line":63,"column":4},"end":{"line":76,"column":5}},"type":"if","locations":[{"start":{"line":63,"column":4},"end":{"line":76,"column":5}},{"start":{"line":63,"column":4},"end":{"line":76,"column":5}}],"line":63},"3":{"loc":{"start":{"line":68,"column":6},"end":{"line":75,"column":7}},"type":"if","locations":[{"start":{"line":68,"column":6},"end":{"line":75,"column":7}},{"start":{"line":68,"column":6},"end":{"line":75,"column":7}}],"line":68},"4":{"loc":{"start":{"line":82,"column":4},"end":{"line":84,"column":5}},"type":"if","locations":[{"start":{"line":82,"column":4},"end":{"line":84,"column":5}},{"start":{"line":82,"column":4},"end":{"line":84,"column":5}}],"line":82}},"s":{"0":1,"1":1,"2":1,"3":1,"4":0,"5":0,"6":0,"7":0,"8":0,"9":0,"10":0,"11":0,"12":0,"13":0,"14":0,"15":0,"16":0,"17":0,"18":0,"19":0,"20":0,"21":0,"22":0,"23":0,"24":0,"25":0,"26":0,"27":0,"28":0,"29":0,"30":0,"31":0,"32":0,"33":1},"f":{"0":0,"1":0,"2":0,"3":0,"4":0,"5":0,"6":0,"7":0,"8":0,"9":0,"10":0,"11":0,"12":0,"13":0},"b":{"0":[0,0],"1":[0,0],"2":[0,0],"3":[0,0],"4":[0,0]},"_coverageSchema":"332fd63041d2c1bcb487cc26dd0d5f7d97098a6c","hash":"0a0617c9efe6512fbc37c9dcf60ab8e3268f0ba0","contentHash":"3344551f951d06eddcde9e4319e5a79c_11.4.1"},"/home/jersonlopez/Documentos/Proyectos/Integrador-Backend/App/features/db/playRoom/implement/model.js":{"path":"/home/jersonlopez/Documentos/Proyectos/Integrador-Backend/App/features/db/playRoom/implement/model.js","statementMap":{"0":{"start":{"line":1,"column":14},"end":{"line":1,"column":33}},"1":{"start":{"line":2,"column":15},"end":{"line":2,"column":34}},"2":{"start":{"line":3,"column":13},"end":{"line":3,"column":28}},"3":{"start":{"line":5,"column":22},"end":{"line":5,"column":63}},"4":{"start":{"line":6,"column":16},"end":{"line":6,"column":68}},"5":{"start":{"line":9,"column":2},"end":{"line":9,"column":18}},"6":{"start":{"line":12,"column":0},"end":{"line":14,"column":1}}},"fnMap":{"0":{"name":"getImplements","decl":{"start":{"line":8,"column":9},"end":{"line":8,"column":22}},"loc":{"start":{"line":8,"column":26},"end":{"line":10,"column":1}},"line":8}},"branchMap":{},"s":{"0":1,"1":1,"2":1,"3":1,"4":1,"5":3,"6":1},"f":{"0":3},"b":{},"_coverageSchema":"332fd63041d2c1bcb487cc26dd0d5f7d97098a6c","hash":"0eb731728e8dcd944ddeeb1883f767b9b521350b","contentHash":"499dca7eaadf72c6d0a410517fb1c135_11.4.1"},"/home/jersonlopez/Documentos/Proyectos/Integrador-Backend/App/features/db/playRoom/implement/schema.js":{"path":"/home/jersonlopez/Documentos/Proyectos/Integrador-Backend/App/features/db/playRoom/implement/schema.js","statementMap":{"0":{"start":{"line":3,"column":32},"end":{"line":17,"column":1}},"1":{"start":{"line":20,"column":4},"end":{"line":20,"column":36}},"2":{"start":{"line":23,"column":2},"end":{"line":25,"column":3}}},"fnMap":{"0":{"name":"getImplementsSchema","decl":{"start":{"line":19,"column":11},"end":{"line":19,"column":30}},"loc":{"start":{"line":19,"column":33},"end":{"line":21,"column":3}},"line":19}},"branchMap":{},"s":{"0":1,"1":1,"2":1},"f":{"0":1},"b":{},"_coverageSchema":"332fd63041d2c1bcb487cc26dd0d5f7d97098a6c","hash":"07739ee5f6e6008421e96866f7ff9f18e4a9735e","contentHash":"b836764c0b99dbe864df1cb04c852b93_11.4.1"},"/home/jersonlopez/Documentos/Proyectos/Integrador-Backend/App/features/db/playRoom/register/model.js":{"path":"/home/jersonlopez/Documentos/Proyectos/Integrador-Backend/App/features/db/playRoom/register/model.js","statementMap":{"0":{"start":{"line":1,"column":14},"end":{"line":1,"column":33}},"1":{"start":{"line":2,"column":15},"end":{"line":2,"column":34}},"2":{"start":{"line":3,"column":13},"end":{"line":3,"column":28}},"3":{"start":{"line":5,"column":21},"end":{"line":5,"column":60}},"4":{"start":{"line":7,"column":15},"end":{"line":7,"column":65}},"5":{"start":{"line":9,"column":2},"end":{"line":9,"column":17}},"6":{"start":{"line":12,"column":0},"end":{"line":14,"column":1}}},"fnMap":{"0":{"name":"getRegister","decl":{"start":{"line":8,"column":9},"end":{"line":8,"column":20}},"loc":{"start":{"line":8,"column":23},"end":{"line":10,"column":1}},"line":8}},"branchMap":{},"s":{"0":1,"1":1,"2":1,"3":1,"4":1,"5":4,"6":1},"f":{"0":4},"b":{},"_coverageSchema":"332fd63041d2c1bcb487cc26dd0d5f7d97098a6c","hash":"671398fbe1267967d1843cc632e3217e1e091d0e","contentHash":"660c5aef1ea3781e4d9629f94bbaa64b_11.4.1"},"/home/jersonlopez/Documentos/Proyectos/Integrador-Backend/App/features/db/playRoom/register/schema.js":{"path":"/home/jersonlopez/Documentos/Proyectos/Integrador-Backend/App/features/db/playRoom/register/schema.js","statementMap":{"0":{"start":{"line":3,"column":25},"end":{"line":8,"column":3}},"1":{"start":{"line":11,"column":4},"end":{"line":11,"column":29}},"2":{"start":{"line":14,"column":2},"end":{"line":16,"column":3}}},"fnMap":{"0":{"name":"getRegisterSchema","decl":{"start":{"line":10,"column":11},"end":{"line":10,"column":28}},"loc":{"start":{"line":10,"column":32},"end":{"line":12,"column":3}},"line":10}},"branchMap":{},"s":{"0":1,"1":1,"2":1},"f":{"0":1},"b":{},"_coverageSchema":"332fd63041d2c1bcb487cc26dd0d5f7d97098a6c","hash":"53de3ca8bf19cd337692695b63d9eb55402cc508","contentHash":"4be72afb3bb495dd36659ce8503cc4fa_11.4.1"},"/home/jersonlopez/Documentos/Proyectos/Integrador-Backend/App/features/db/playRoom/loan/route.js":{"path":"/home/jersonlopez/Documentos/Proyectos/Integrador-Backend/App/features/db/playRoom/loan/route.js","statementMap":{"0":{"start":{"line":1,"column":15},"end":{"line":1,"column":40}},"1":{"start":{"line":3,"column":17},"end":{"line":3,"column":34}},"2":{"start":{"line":5,"column":13},"end":{"line":5,"column":25}},"3":{"start":{"line":7,"column":0},"end":{"line":10,"column":4}},"4":{"start":{"line":9,"column":4},"end":{"line":9,"column":30}},"5":{"start":{"line":12,"column":0},"end":{"line":15,"column":4}},"6":{"start":{"line":14,"column":4},"end":{"line":14,"column":33}},"7":{"start":{"line":17,"column":0},"end":{"line":20,"column":2}},"8":{"start":{"line":19,"column":4},"end":{"line":19,"column":32}},"9":{"start":{"line":22,"column":0},"end":{"line":25,"column":2}},"10":{"start":{"line":24,"column":4},"end":{"line":24,"column":36}},"11":{"start":{"line":27,"column":0},"end":{"line":30,"column":2}},"12":{"start":{"line":29,"column":4},"end":{"line":29,"column":36}},"13":{"start":{"line":32,"column":0},"end":{"line":32,"column":23}}},"fnMap":{"0":{"name":"(anonymous_0)","decl":{"start":{"line":8,"column":8},"end":{"line":8,"column":9}},"loc":{"start":{"line":8,"column":21},"end":{"line":10,"column":3}},"line":8},"1":{"name":"(anonymous_1)","decl":{"start":{"line":13,"column":8},"end":{"line":13,"column":9}},"loc":{"start":{"line":13,"column":21},"end":{"line":15,"column":3}},"line":13},"2":{"name":"(anonymous_2)","decl":{"start":{"line":18,"column":7},"end":{"line":18,"column":8}},"loc":{"start":{"line":18,"column":20},"end":{"line":20,"column":1}},"line":18},"3":{"name":"(anonymous_3)","decl":{"start":{"line":23,"column":7},"end":{"line":23,"column":8}},"loc":{"start":{"line":23,"column":20},"end":{"line":25,"column":1}},"line":23},"4":{"name":"(anonymous_4)","decl":{"start":{"line":28,"column":7},"end":{"line":28,"column":8}},"loc":{"start":{"line":28,"column":20},"end":{"line":30,"column":1}},"line":28}},"branchMap":{},"s":{"0":1,"1":1,"2":1,"3":1,"4":0,"5":1,"6":0,"7":1,"8":0,"9":1,"10":0,"11":1,"12":0,"13":1},"f":{"0":0,"1":0,"2":0,"3":0,"4":0},"b":{},"_coverageSchema":"332fd63041d2c1bcb487cc26dd0d5f7d97098a6c","hash":"c40236bb0cde2b60a20e498145248b9d8f48ef3b","contentHash":"3394d2ba9b375314166f5cca275ea80e_11.4.1"},"/home/jersonlopez/Documentos/Proyectos/Integrador-Backend/App/features/db/playRoom/loan/util.js":{"path":"/home/jersonlopez/Documentos/Proyectos/Integrador-Backend/App/features/db/playRoom/loan/util.js","statementMap":{"0":{"start":{"line":1,"column":18},"end":{"line":1,"column":36}},"1":{"start":{"line":2,"column":24},"end":{"line":2,"column":54}},"2":{"start":{"line":6,"column":4},"end":{"line":6,"column":57}},"3":{"start":{"line":7,"column":23},"end":{"line":7,"column":52}},"4":{"start":{"line":8,"column":22},"end":{"line":8,"column":50}},"5":{"start":{"line":11,"column":16},"end":{"line":11,"column":35}},"6":{"start":{"line":13,"column":17},"end":{"line":13,"column":48}},"7":{"start":{"line":14,"column":21},"end":{"line":14,"column":51}},"8":{"start":{"line":15,"column":20},"end":{"line":15,"column":47}},"9":{"start":{"line":21,"column":2},"end":{"line":34,"column":4}},"10":{"start":{"line":22,"column":4},"end":{"line":33,"column":5}},"11":{"start":{"line":23,"column":6},"end":{"line":25,"column":8}},"12":{"start":{"line":27,"column":6},"end":{"line":32,"column":7}},"13":{"start":{"line":36,"column":2},"end":{"line":38,"column":4}},"14":{"start":{"line":37,"column":4},"end":{"line":37,"column":47}},"15":{"start":{"line":39,"column":2},"end":{"line":55,"column":5}},"16":{"start":{"line":42,"column":4},"end":{"line":50,"column":5}},"17":{"start":{"line":43,"column":25},"end":{"line":43,"column":57}},"18":{"start":{"line":44,"column":6},"end":{"line":49,"column":7}},"19":{"start":{"line":45,"column":8},"end":{"line":47,"column":11}},"20":{"start":{"line":48,"column":8},"end":{"line":48,"column":14}},"21":{"start":{"line":51,"column":4},"end":{"line":53,"column":5}},"22":{"start":{"line":52,"column":6},"end":{"line":52,"column":23}},"23":{"start":{"line":54,"column":4},"end":{"line":54,"column":26}},"24":{"start":{"line":61,"column":13},"end":{"line":61,"column":89}},"25":{"start":{"line":62,"column":2},"end":{"line":87,"column":3}},"26":{"start":{"line":63,"column":4},"end":{"line":63,"column":77}},"27":{"start":{"line":65,"column":4},"end":{"line":66,"column":7}},"28":{"start":{"line":67,"column":18},"end":{"line":79,"column":6}},"29":{"start":{"line":80,"column":4},"end":{"line":82,"column":6}},"30":{"start":{"line":81,"column":6},"end":{"line":81,"column":23}},"31":{"start":{"line":83,"column":14},"end":{"line":83,"column":89}},"32":{"start":{"line":84,"column":4},"end":{"line":86,"column":7}},"33":{"start":{"line":85,"column":6},"end":{"line":85,"column":64}},"34":{"start":{"line":91,"column":2},"end":{"line":93,"column":4}},"35":{"start":{"line":92,"column":4},"end":{"line":92,"column":30}},"36":{"start":{"line":97,"column":2},"end":{"line":99,"column":4}},"37":{"start":{"line":98,"column":4},"end":{"line":98,"column":30}},"38":{"start":{"line":103,"column":2},"end":{"line":137,"column":4}},"39":{"start":{"line":104,"column":14},"end":{"line":104,"column":28}},"40":{"start":{"line":107,"column":28},"end":{"line":107,"column":29}},"41":{"start":{"line":108,"column":25},"end":{"line":108,"column":27}},"42":{"start":{"line":109,"column":4},"end":{"line":109,"column":11}},"43":{"start":{"line":112,"column":4},"end":{"line":133,"column":5}},"44":{"start":{"line":113,"column":6},"end":{"line":113,"column":12}},"45":{"start":{"line":114,"column":6},"end":{"line":119,"column":7}},"46":{"start":{"line":115,"column":8},"end":{"line":117,"column":9}},"47":{"start":{"line":116,"column":10},"end":{"line":116,"column":52}},"48":{"start":{"line":118,"column":8},"end":{"line":118,"column":18}},"49":{"start":{"line":120,"column":16},"end":{"line":120,"column":20}},"50":{"start":{"line":121,"column":6},"end":{"line":121,"column":12}},"51":{"start":{"line":122,"column":6},"end":{"line":127,"column":7}},"52":{"start":{"line":123,"column":8},"end":{"line":125,"column":9}},"53":{"start":{"line":124,"column":10},"end":{"line":124,"column":22}},"54":{"start":{"line":126,"column":8},"end":{"line":126,"column":18}},"55":{"start":{"line":128,"column":6},"end":{"line":130,"column":7}},"56":{"start":{"line":129,"column":8},"end":{"line":129,"column":95}},"57":{"start":{"line":131,"column":6},"end":{"line":131,"column":28}},"58":{"start":{"line":132,"column":6},"end":{"line":132,"column":16}},"59":{"start":{"line":134,"column":4},"end":{"line":134,"column":32}},"60":{"start":{"line":136,"column":4},"end":{"line":136,"column":41}},"61":{"start":{"line":141,"column":0},"end":{"line":147,"column":1}}},"fnMap":{"0":{"name":"getSanction","decl":{"start":{"line":18,"column":15},"end":{"line":18,"column":26}},"loc":{"start":{"line":18,"column":37},"end":{"line":57,"column":1}},"line":18},"1":{"name":"(anonymous_1)","decl":{"start":{"line":21,"column":45},"end":{"line":21,"column":46}},"loc":{"start":{"line":21,"column":55},"end":{"line":34,"column":3}},"line":21},"2":{"name":"(anonymous_2)","decl":{"start":{"line":36,"column":45},"end":{"line":36,"column":46}},"loc":{"start":{"line":36,"column":55},"end":{"line":38,"column":3}},"line":36},"3":{"name":"(anonymous_3)","decl":{"start":{"line":41,"column":57},"end":{"line":41,"column":58}},"loc":{"start":{"line":41,"column":77},"end":{"line":55,"column":3}},"line":41},"4":{"name":"saveLoan","decl":{"start":{"line":60,"column":15},"end":{"line":60,"column":23}},"loc":{"start":{"line":60,"column":34},"end":{"line":88,"column":1}},"line":60},"5":{"name":"(anonymous_5)","decl":{"start":{"line":65,"column":147},"end":{"line":65,"column":148}},"loc":{"start":{"line":65,"column":162},"end":{"line":66,"column":5}},"line":65},"6":{"name":"(anonymous_6)","decl":{"start":{"line":80,"column":17},"end":{"line":80,"column":18}},"loc":{"start":{"line":80,"column":41},"end":{"line":82,"column":5}},"line":80},"7":{"name":"(anonymous_7)","decl":{"start":{"line":84,"column":122},"end":{"line":84,"column":123}},"loc":{"start":{"line":84,"column":137},"end":{"line":86,"column":5}},"line":84},"8":{"name":"getAllLoan","decl":{"start":{"line":90,"column":9},"end":{"line":90,"column":19}},"loc":{"start":{"line":90,"column":30},"end":{"line":94,"column":1}},"line":90},"9":{"name":"(anonymous_9)","decl":{"start":{"line":91,"column":34},"end":{"line":91,"column":35}},"loc":{"start":{"line":91,"column":54},"end":{"line":93,"column":3}},"line":91},"10":{"name":"getActualLoans","decl":{"start":{"line":96,"column":9},"end":{"line":96,"column":23}},"loc":{"start":{"line":96,"column":34},"end":{"line":100,"column":1}},"line":96},"11":{"name":"(anonymous_11)","decl":{"start":{"line":97,"column":51},"end":{"line":97,"column":52}},"loc":{"start":{"line":97,"column":71},"end":{"line":99,"column":3}},"line":97},"12":{"name":"getLatestLoans","decl":{"start":{"line":102,"column":9},"end":{"line":102,"column":23}},"loc":{"start":{"line":102,"column":34},"end":{"line":138,"column":1}},"line":102},"13":{"name":"(anonymous_13)","decl":{"start":{"line":103,"column":34},"end":{"line":103,"column":35}},"loc":{"start":{"line":103,"column":54},"end":{"line":137,"column":3}},"line":103}},"branchMap":{"0":{"loc":{"start":{"line":22,"column":4},"end":{"line":33,"column":5}},"type":"if","locations":[{"start":{"line":22,"column":4},"end":{"line":33,"column":5}},{"start":{"line":22,"column":4},"end":{"line":33,"column":5}}],"line":22},"1":{"loc":{"start":{"line":42,"column":4},"end":{"line":50,"column":5}},"type":"if","locations":[{"start":{"line":42,"column":4},"end":{"line":50,"column":5}},{"start":{"line":42,"column":4},"end":{"line":50,"column":5}}],"line":42},"2":{"loc":{"start":{"line":44,"column":6},"end":{"line":49,"column":7}},"type":"if","locations":[{"start":{"line":44,"column":6},"end":{"line":49,"column":7}},{"start":{"line":44,"column":6},"end":{"line":49,"column":7}}],"line":44},"3":{"loc":{"start":{"line":51,"column":4},"end":{"line":53,"column":5}},"type":"if","locations":[{"start":{"line":51,"column":4},"end":{"line":53,"column":5}},{"start":{"line":51,"column":4},"end":{"line":53,"column":5}}],"line":51},"4":{"loc":{"start":{"line":62,"column":2},"end":{"line":87,"column":3}},"type":"if","locations":[{"start":{"line":62,"column":2},"end":{"line":87,"column":3}},{"start":{"line":62,"column":2},"end":{"line":87,"column":3}}],"line":62},"5":{"loc":{"start":{"line":115,"column":8},"end":{"line":117,"column":9}},"type":"if","locations":[{"start":{"line":115,"column":8},"end":{"line":117,"column":9}},{"start":{"line":115,"column":8},"end":{"line":117,"column":9}}],"line":115},"6":{"loc":{"start":{"line":123,"column":8},"end":{"line":125,"column":9}},"type":"if","locations":[{"start":{"line":123,"column":8},"end":{"line":125,"column":9}},{"start":{"line":123,"column":8},"end":{"line":125,"column":9}}],"line":123},"7":{"loc":{"start":{"line":128,"column":6},"end":{"line":130,"column":7}},"type":"if","locations":[{"start":{"line":128,"column":6},"end":{"line":130,"column":7}},{"start":{"line":128,"column":6},"end":{"line":130,"column":7}}],"line":128}},"s":{"0":1,"1":1,"2":1,"3":1,"4":1,"5":1,"6":1,"7":1,"8":1,"9":0,"10":0,"11":0,"12":0,"13":0,"14":0,"15":0,"16":0,"17":0,"18":0,"19":0,"20":0,"21":0,"22":0,"23":0,"24":0,"25":0,"26":0,"27":0,"28":0,"29":0,"30":0,"31":0,"32":0,"33":0,"34":0,"35":0,"36":0,"37":0,"38":0,"39":0,"40":0,"41":0,"42":0,"43":0,"44":0,"45":0,"46":0,"47":0,"48":0,"49":0,"50":0,"51":0,"52":0,"53":0,"54":0,"55":0,"56":0,"57":0,"58":0,"59":0,"60":0,"61":1},"f":{"0":0,"1":0,"2":0,"3":0,"4":0,"5":0,"6":0,"7":0,"8":0,"9":0,"10":0,"11":0,"12":0,"13":0},"b":{"0":[0,0],"1":[0,0],"2":[0,0],"3":[0,0],"4":[0,0],"5":[0,0],"6":[0,0],"7":[0,0]},"_coverageSchema":"332fd63041d2c1bcb487cc26dd0d5f7d97098a6c","hash":"0bafad268556faec45fc0f207abd1eea23ec57df","contentHash":"963102c68af558c53da60074fc6ab1cd_11.4.1"},"/home/jersonlopez/Documentos/Proyectos/Integrador-Backend/App/features/db/playRoom/loan/model.js":{"path":"/home/jersonlopez/Documentos/Proyectos/Integrador-Backend/App/features/db/playRoom/loan/model.js","statementMap":{"0":{"start":{"line":1,"column":14},"end":{"line":1,"column":33}},"1":{"start":{"line":2,"column":15},"end":{"line":2,"column":34}},"2":{"start":{"line":3,"column":13},"end":{"line":3,"column":28}},"3":{"start":{"line":5,"column":17},"end":{"line":5,"column":52}},"4":{"start":{"line":7,"column":11},"end":{"line":7,"column":53}},"5":{"start":{"line":10,"column":2},"end":{"line":10,"column":13}},"6":{"start":{"line":13,"column":0},"end":{"line":15,"column":1}}},"fnMap":{"0":{"name":"getLoan","decl":{"start":{"line":9,"column":9},"end":{"line":9,"column":16}},"loc":{"start":{"line":9,"column":19},"end":{"line":11,"column":1}},"line":9}},"branchMap":{},"s":{"0":1,"1":1,"2":1,"3":1,"4":1,"5":2,"6":1},"f":{"0":2},"b":{},"_coverageSchema":"332fd63041d2c1bcb487cc26dd0d5f7d97098a6c","hash":"2bbfa61ad6c60d2bb20131d261f6e6003ff6be53","contentHash":"54371999131926bffea2cba245f69a47_11.4.1"},"/home/jersonlopez/Documentos/Proyectos/Integrador-Backend/App/features/db/playRoom/loan/schema.js":{"path":"/home/jersonlopez/Documentos/Proyectos/Integrador-Backend/App/features/db/playRoom/loan/schema.js","statementMap":{"0":{"start":{"line":3,"column":21},"end":{"line":48,"column":3}},"1":{"start":{"line":51,"column":4},"end":{"line":51,"column":25}},"2":{"start":{"line":54,"column":2},"end":{"line":56,"column":3}}},"fnMap":{"0":{"name":"getLoanSchema","decl":{"start":{"line":50,"column":11},"end":{"line":50,"column":24}},"loc":{"start":{"line":50,"column":27},"end":{"line":52,"column":3}},"line":50}},"branchMap":{},"s":{"0":1,"1":1,"2":1},"f":{"0":1},"b":{},"_coverageSchema":"332fd63041d2c1bcb487cc26dd0d5f7d97098a6c","hash":"3a6fdbc735a3f43d1bac583bde1b35f044d2f0c3","contentHash":"a612559ac0c689793265923edc95dade_11.4.1"},"/home/jersonlopez/Documentos/Proyectos/Integrador-Backend/App/features/db/playRoom/devolution/model.js":{"path":"/home/jersonlopez/Documentos/Proyectos/Integrador-Backend/App/features/db/playRoom/devolution/model.js","statementMap":{"0":{"start":{"line":1,"column":14},"end":{"line":1,"column":33}},"1":{"start":{"line":2,"column":15},"end":{"line":2,"column":34}},"2":{"start":{"line":3,"column":13},"end":{"line":3,"column":28}},"3":{"start":{"line":5,"column":23},"end":{"line":5,"column":64}},"4":{"start":{"line":7,"column":17},"end":{"line":7,"column":71}},"5":{"start":{"line":10,"column":2},"end":{"line":10,"column":19}},"6":{"start":{"line":13,"column":0},"end":{"line":15,"column":1}}},"fnMap":{"0":{"name":"getDevolution","decl":{"start":{"line":9,"column":9},"end":{"line":9,"column":22}},"loc":{"start":{"line":9,"column":26},"end":{"line":11,"column":1}},"line":9}},"branchMap":{},"s":{"0":1,"1":1,"2":1,"3":1,"4":1,"5":2,"6":1},"f":{"0":2},"b":{},"_coverageSchema":"332fd63041d2c1bcb487cc26dd0d5f7d97098a6c","hash":"e630b589639d7039aec9b94a7b01750fff0f9780","contentHash":"336297efdc9a86b3f722053ed83dcaef_11.4.1"},"/home/jersonlopez/Documentos/Proyectos/Integrador-Backend/App/features/db/playRoom/devolution/schema.js":{"path":"/home/jersonlopez/Documentos/Proyectos/Integrador-Backend/App/features/db/playRoom/devolution/schema.js","statementMap":{"0":{"start":{"line":3,"column":27},"end":{"line":36,"column":1}},"1":{"start":{"line":39,"column":2},"end":{"line":39,"column":29}},"2":{"start":{"line":42,"column":0},"end":{"line":44,"column":1}}},"fnMap":{"0":{"name":"getDevolutionSchema","decl":{"start":{"line":38,"column":9},"end":{"line":38,"column":28}},"loc":{"start":{"line":38,"column":31},"end":{"line":40,"column":1}},"line":38}},"branchMap":{},"s":{"0":1,"1":1,"2":1},"f":{"0":1},"b":{},"_coverageSchema":"332fd63041d2c1bcb487cc26dd0d5f7d97098a6c","hash":"dd61ce6b25bd871d6ac10b95839fe1cc3d3b9111","contentHash":"8b829ce8c4975d75acc9a086e16d5e80_11.4.1"},"/home/jersonlopez/Documentos/Proyectos/Integrador-Backend/App/features/consumptionMares/consumptionMares.js":{"path":"/home/jersonlopez/Documentos/Proyectos/Integrador-Backend/App/features/consumptionMares/consumptionMares.js","statementMap":{"0":{"start":{"line":2,"column":14},"end":{"line":2,"column":30}},"1":{"start":{"line":3,"column":16},"end":{"line":3,"column":34}},"2":{"start":{"line":8,"column":2},"end":{"line":15,"column":3}},"3":{"start":{"line":9,"column":4},"end":{"line":11,"column":6}},"4":{"start":{"line":13,"column":4},"end":{"line":13,"column":75}},"5":{"start":{"line":19,"column":2},"end":{"line":26,"column":3}},"6":{"start":{"line":20,"column":4},"end":{"line":22,"column":6}},"7":{"start":{"line":24,"column":4},"end":{"line":24,"column":75}},"8":{"start":{"line":30,"column":2},"end":{"line":38,"column":3}},"9":{"start":{"line":31,"column":4},"end":{"line":34,"column":6}},"10":{"start":{"line":36,"column":4},"end":{"line":36,"column":75}},"11":{"start":{"line":43,"column":0},"end":{"line":47,"column":1}}},"fnMap":{"0":{"name":"facultyInformation","decl":{"start":{"line":7,"column":15},"end":{"line":7,"column":33}},"loc":{"start":{"line":7,"column":39},"end":{"line":16,"column":1}},"line":7},"1":{"name":"studentInformation","decl":{"start":{"line":18,"column":15},"end":{"line":18,"column":33}},"loc":{"start":{"line":18,"column":39},"end":{"line":27,"column":1}},"line":18},"2":{"name":"authenticacion","decl":{"start":{"line":29,"column":15},"end":{"line":29,"column":29}},"loc":{"start":{"line":29,"column":46},"end":{"line":39,"column":1}},"line":29}},"branchMap":{},"s":{"0":1,"1":1,"2":0,"3":0,"4":0,"5":0,"6":0,"7":0,"8":0,"9":0,"10":0,"11":1},"f":{"0":0,"1":0,"2":0},"b":{},"_coverageSchema":"332fd63041d2c1bcb487cc26dd0d5f7d97098a6c","hash":"553e1697a685e1cf9b8402059d17446bb622c110","contentHash":"940cb9a30680705fe18884ede4409c4b_11.4.1"},"/home/jersonlopez/Documentos/Proyectos/Integrador-Backend/App/features/db/playRoom/devolution/route.js":{"path":"/home/jersonlopez/Documentos/Proyectos/Integrador-Backend/App/features/db/playRoom/devolution/route.js","statementMap":{"0":{"start":{"line":1,"column":15},"end":{"line":1,"column":40}},"1":{"start":{"line":3,"column":23},"end":{"line":3,"column":40}},"2":{"start":{"line":5,"column":13},"end":{"line":5,"column":25}},"3":{"start":{"line":8,"column":0},"end":{"line":11,"column":4}},"4":{"start":{"line":10,"column":4},"end":{"line":10,"column":42}},"5":{"start":{"line":13,"column":1},"end":{"line":16,"column":2}},"6":{"start":{"line":15,"column":4},"end":{"line":15,"column":44}},"7":{"start":{"line":19,"column":0},"end":{"line":19,"column":23}}},"fnMap":{"0":{"name":"(anonymous_0)","decl":{"start":{"line":9,"column":8},"end":{"line":9,"column":9}},"loc":{"start":{"line":9,"column":21},"end":{"line":11,"column":3}},"line":9},"1":{"name":"(anonymous_1)","decl":{"start":{"line":14,"column":7},"end":{"line":14,"column":8}},"loc":{"start":{"line":14,"column":20},"end":{"line":16,"column":1}},"line":14}},"branchMap":{},"s":{"0":1,"1":1,"2":1,"3":1,"4":0,"5":1,"6":0,"7":1},"f":{"0":0,"1":0},"b":{},"_coverageSchema":"332fd63041d2c1bcb487cc26dd0d5f7d97098a6c","hash":"81b8fdfa4bb7722f65ec09166469f2e9cdf88fbd","contentHash":"c4bcaea5eac2b18395d1a459bb4d198c_11.4.1"},"/home/jersonlopez/Documentos/Proyectos/Integrador-Backend/App/features/db/playRoom/devolution/util.js":{"path":"/home/jersonlopez/Documentos/Proyectos/Integrador-Backend/App/features/db/playRoom/devolution/util.js","statementMap":{"0":{"start":{"line":1,"column":22},"end":{"line":1,"column":40}},"1":{"start":{"line":2,"column":16},"end":{"line":2,"column":40}},"2":{"start":{"line":3,"column":21},"end":{"line":3,"column":50}},"3":{"start":{"line":4,"column":20},"end":{"line":4,"column":48}},"4":{"start":{"line":6,"column":22},"end":{"line":6,"column":53}},"5":{"start":{"line":7,"column":16},"end":{"line":7,"column":35}},"6":{"start":{"line":8,"column":21},"end":{"line":8,"column":51}},"7":{"start":{"line":9,"column":20},"end":{"line":9,"column":47}},"8":{"start":{"line":12,"column":17},"end":{"line":12,"column":25}},"9":{"start":{"line":13,"column":27},"end":{"line":13,"column":35}},"10":{"start":{"line":14,"column":22},"end":{"line":14,"column":23}},"11":{"start":{"line":18,"column":2},"end":{"line":23,"column":6}},"12":{"start":{"line":20,"column":6},"end":{"line":20,"column":17}},"13":{"start":{"line":22,"column":6},"end":{"line":22,"column":25}},"14":{"start":{"line":27,"column":2},"end":{"line":27,"column":19}},"15":{"start":{"line":28,"column":2},"end":{"line":40,"column":5}},"16":{"start":{"line":29,"column":4},"end":{"line":35,"column":5}},"17":{"start":{"line":30,"column":6},"end":{"line":30,"column":26}},"18":{"start":{"line":31,"column":6},"end":{"line":31,"column":68}},"19":{"start":{"line":33,"column":6},"end":{"line":34,"column":9}},"20":{"start":{"line":36,"column":4},"end":{"line":39,"column":7}},"21":{"start":{"line":37,"column":6},"end":{"line":38,"column":8}},"22":{"start":{"line":41,"column":2},"end":{"line":41,"column":21}},"23":{"start":{"line":41,"column":14},"end":{"line":41,"column":20}},"24":{"start":{"line":42,"column":17},"end":{"line":42,"column":47}},"25":{"start":{"line":43,"column":2},"end":{"line":43,"column":51}},"26":{"start":{"line":44,"column":19},"end":{"line":44,"column":41}},"27":{"start":{"line":46,"column":2},"end":{"line":50,"column":3}},"28":{"start":{"line":47,"column":4},"end":{"line":47,"column":86}},"29":{"start":{"line":49,"column":4},"end":{"line":49,"column":17}},"30":{"start":{"line":51,"column":22},"end":{"line":55,"column":4}},"31":{"start":{"line":56,"column":2},"end":{"line":59,"column":5}},"32":{"start":{"line":57,"column":4},"end":{"line":58,"column":7}},"33":{"start":{"line":60,"column":2},"end":{"line":68,"column":3}},"34":{"start":{"line":61,"column":4},"end":{"line":63,"column":6}},"35":{"start":{"line":62,"column":6},"end":{"line":62,"column":103}},"36":{"start":{"line":65,"column":4},"end":{"line":67,"column":6}},"37":{"start":{"line":66,"column":6},"end":{"line":66,"column":67}},"38":{"start":{"line":72,"column":2},"end":{"line":74,"column":4}},"39":{"start":{"line":73,"column":4},"end":{"line":73,"column":30}},"40":{"start":{"line":77,"column":0},"end":{"line":81,"column":1}}},"fnMap":{"0":{"name":"getSanction","decl":{"start":{"line":17,"column":9},"end":{"line":17,"column":20}},"loc":{"start":{"line":17,"column":25},"end":{"line":24,"column":1}},"line":17},"1":{"name":"(anonymous_1)","decl":{"start":{"line":19,"column":17},"end":{"line":19,"column":18}},"loc":{"start":{"line":19,"column":27},"end":{"line":21,"column":5}},"line":19},"2":{"name":"(anonymous_2)","decl":{"start":{"line":21,"column":13},"end":{"line":21,"column":14}},"loc":{"start":{"line":21,"column":22},"end":{"line":23,"column":5}},"line":21},"3":{"name":"saveDevolution","decl":{"start":{"line":26,"column":15},"end":{"line":26,"column":29}},"loc":{"start":{"line":26,"column":40},"end":{"line":69,"column":1}},"line":26},"4":{"name":"(anonymous_4)","decl":{"start":{"line":28,"column":108},"end":{"line":28,"column":109}},"loc":{"start":{"line":28,"column":128},"end":{"line":40,"column":3}},"line":28},"5":{"name":"(anonymous_5)","decl":{"start":{"line":33,"column":100},"end":{"line":33,"column":101}},"loc":{"start":{"line":33,"column":115},"end":{"line":34,"column":7}},"line":33},"6":{"name":"(anonymous_6)","decl":{"start":{"line":36,"column":80},"end":{"line":36,"column":81}},"loc":{"start":{"line":36,"column":100},"end":{"line":39,"column":5}},"line":36},"7":{"name":"(anonymous_7)","decl":{"start":{"line":37,"column":142},"end":{"line":37,"column":143}},"loc":{"start":{"line":37,"column":157},"end":{"line":38,"column":7}},"line":37},"8":{"name":"(anonymous_8)","decl":{"start":{"line":56,"column":72},"end":{"line":56,"column":73}},"loc":{"start":{"line":56,"column":92},"end":{"line":59,"column":3}},"line":56},"9":{"name":"(anonymous_9)","decl":{"start":{"line":57,"column":121},"end":{"line":57,"column":122}},"loc":{"start":{"line":57,"column":136},"end":{"line":58,"column":5}},"line":57},"10":{"name":"(anonymous_10)","decl":{"start":{"line":61,"column":23},"end":{"line":61,"column":24}},"loc":{"start":{"line":61,"column":35},"end":{"line":63,"column":5}},"line":61},"11":{"name":"(anonymous_11)","decl":{"start":{"line":65,"column":23},"end":{"line":65,"column":24}},"loc":{"start":{"line":65,"column":35},"end":{"line":67,"column":5}},"line":65},"12":{"name":"getAllDevolution","decl":{"start":{"line":71,"column":9},"end":{"line":71,"column":25}},"loc":{"start":{"line":71,"column":36},"end":{"line":75,"column":1}},"line":71},"13":{"name":"(anonymous_13)","decl":{"start":{"line":72,"column":40},"end":{"line":72,"column":41}},"loc":{"start":{"line":72,"column":60},"end":{"line":74,"column":3}},"line":72}},"branchMap":{"0":{"loc":{"start":{"line":29,"column":4},"end":{"line":35,"column":5}},"type":"if","locations":[{"start":{"line":29,"column":4},"end":{"line":35,"column":5}},{"start":{"line":29,"column":4},"end":{"line":35,"column":5}}],"line":29},"1":{"loc":{"start":{"line":41,"column":2},"end":{"line":41,"column":21}},"type":"if","locations":[{"start":{"line":41,"column":2},"end":{"line":41,"column":21}},{"start":{"line":41,"column":2},"end":{"line":41,"column":21}}],"line":41},"2":{"loc":{"start":{"line":46,"column":2},"end":{"line":50,"column":3}},"type":"if","locations":[{"start":{"line":46,"column":2},"end":{"line":50,"column":3}},{"start":{"line":46,"column":2},"end":{"line":50,"column":3}}],"line":46},"3":{"loc":{"start":{"line":60,"column":2},"end":{"line":68,"column":3}},"type":"if","locations":[{"start":{"line":60,"column":2},"end":{"line":68,"column":3}},{"start":{"line":60,"column":2},"end":{"line":68,"column":3}}],"line":60}},"s":{"0":1,"1":1,"2":1,"3":1,"4":1,"5":1,"6":1,"7":1,"8":1,"9":1,"10":1,"11":0,"12":0,"13":0,"14":0,"15":0,"16":0,"17":0,"18":0,"19":0,"20":0,"21":0,"22":0,"23":0,"24":0,"25":0,"26":0,"27":0,"28":0,"29":0,"30":0,"31":0,"32":0,"33":0,"34":0,"35":0,"36":0,"37":0,"38":0,"39":0,"40":1},"f":{"0":0,"1":0,"2":0,"3":0,"4":0,"5":0,"6":0,"7":0,"8":0,"9":0,"10":0,"11":0,"12":0,"13":0},"b":{"0":[0,0],"1":[0,0],"2":[0,0],"3":[0,0]},"_coverageSchema":"332fd63041d2c1bcb487cc26dd0d5f7d97098a6c","hash":"8328520a8d1c17ac588d0e2dfecfe1dc3096b329","contentHash":"11c6f9b826bc0e9afe378882b81d3bca_11.4.1"},"/home/jersonlopez/Documentos/Proyectos/Integrador-Backend/App/features/db/playRoom/reservation/route.js":{"path":"/home/jersonlopez/Documentos/Proyectos/Integrador-Backend/App/features/db/playRoom/reservation/route.js","statementMap":{"0":{"start":{"line":1,"column":15},"end":{"line":1,"column":40}},"1":{"start":{"line":3,"column":98},"end":{"line":3,"column":115}},"2":{"start":{"line":5,"column":13},"end":{"line":5,"column":25}},"3":{"start":{"line":7,"column":0},"end":{"line":10,"column":6}},"4":{"start":{"line":9,"column":8},"end":{"line":9,"column":32}},"5":{"start":{"line":12,"column":0},"end":{"line":15,"column":6}},"6":{"start":{"line":14,"column":8},"end":{"line":14,"column":34}},"7":{"start":{"line":17,"column":0},"end":{"line":20,"column":6}},"8":{"start":{"line":19,"column":8},"end":{"line":19,"column":45}},"9":{"start":{"line":22,"column":0},"end":{"line":25,"column":6}},"10":{"start":{"line":24,"column":8},"end":{"line":24,"column":36}},"11":{"start":{"line":27,"column":0},"end":{"line":27,"column":23}}},"fnMap":{"0":{"name":"(anonymous_0)","decl":{"start":{"line":8,"column":10},"end":{"line":8,"column":11}},"loc":{"start":{"line":8,"column":23},"end":{"line":10,"column":5}},"line":8},"1":{"name":"(anonymous_1)","decl":{"start":{"line":13,"column":9},"end":{"line":13,"column":10}},"loc":{"start":{"line":13,"column":22},"end":{"line":15,"column":5}},"line":13},"2":{"name":"(anonymous_2)","decl":{"start":{"line":18,"column":10},"end":{"line":18,"column":11}},"loc":{"start":{"line":18,"column":23},"end":{"line":20,"column":5}},"line":18},"3":{"name":"(anonymous_3)","decl":{"start":{"line":23,"column":10},"end":{"line":23,"column":11}},"loc":{"start":{"line":23,"column":23},"end":{"line":25,"column":5}},"line":23}},"branchMap":{},"s":{"0":1,"1":1,"2":1,"3":1,"4":0,"5":1,"6":0,"7":1,"8":0,"9":1,"10":0,"11":1},"f":{"0":0,"1":0,"2":0,"3":0},"b":{},"_coverageSchema":"332fd63041d2c1bcb487cc26dd0d5f7d97098a6c","hash":"cc841b3f1952c8a39ff19733480a43491901f802","contentHash":"122e6daf9de1a67ad984342c06147173_11.4.1"},"/home/jersonlopez/Documentos/Proyectos/Integrador-Backend/App/features/db/playRoom/reservation/util.js":{"path":"/home/jersonlopez/Documentos/Proyectos/Integrador-Backend/App/features/db/playRoom/reservation/util.js","statementMap":{"0":{"start":{"line":4,"column":4},"end":{"line":4,"column":57}},"1":{"start":{"line":5,"column":25},"end":{"line":5,"column":43}},"2":{"start":{"line":8,"column":18},"end":{"line":8,"column":51}},"3":{"start":{"line":10,"column":16},"end":{"line":10,"column":33}},"4":{"start":{"line":14,"column":15},"end":{"line":14,"column":26}},"5":{"start":{"line":15,"column":16},"end":{"line":15,"column":43}},"6":{"start":{"line":17,"column":4},"end":{"line":34,"column":7}},"7":{"start":{"line":19,"column":8},"end":{"line":33,"column":9}},"8":{"start":{"line":20,"column":12},"end":{"line":22,"column":14}},"9":{"start":{"line":24,"column":12},"end":{"line":32,"column":13}},"10":{"start":{"line":25,"column":16},"end":{"line":27,"column":18}},"11":{"start":{"line":29,"column":16},"end":{"line":31,"column":17}},"12":{"start":{"line":36,"column":4},"end":{"line":49,"column":7}},"13":{"start":{"line":38,"column":8},"end":{"line":48,"column":9}},"14":{"start":{"line":39,"column":27},"end":{"line":39,"column":47}},"15":{"start":{"line":40,"column":28},"end":{"line":40,"column":53}},"16":{"start":{"line":41,"column":12},"end":{"line":45,"column":13}},"17":{"start":{"line":42,"column":16},"end":{"line":42,"column":102}},"18":{"start":{"line":44,"column":16},"end":{"line":44,"column":48}},"19":{"start":{"line":47,"column":12},"end":{"line":47,"column":44}},"20":{"start":{"line":54,"column":12},"end":{"line":54,"column":13}},"21":{"start":{"line":56,"column":4},"end":{"line":60,"column":6}},"22":{"start":{"line":57,"column":8},"end":{"line":57,"column":77}},"23":{"start":{"line":58,"column":8},"end":{"line":58,"column":49}},"24":{"start":{"line":59,"column":8},"end":{"line":59,"column":59}},"25":{"start":{"line":62,"column":25},"end":{"line":74,"column":6}},"26":{"start":{"line":76,"column":4},"end":{"line":92,"column":7}},"27":{"start":{"line":78,"column":8},"end":{"line":91,"column":9}},"28":{"start":{"line":79,"column":12},"end":{"line":81,"column":14}},"29":{"start":{"line":83,"column":12},"end":{"line":90,"column":14}},"30":{"start":{"line":84,"column":16},"end":{"line":86,"column":17}},"31":{"start":{"line":85,"column":20},"end":{"line":85,"column":36}},"32":{"start":{"line":87,"column":16},"end":{"line":89,"column":17}},"33":{"start":{"line":88,"column":20},"end":{"line":88,"column":61}},"34":{"start":{"line":94,"column":4},"end":{"line":116,"column":5}},"35":{"start":{"line":96,"column":8},"end":{"line":100,"column":10}},"36":{"start":{"line":97,"column":12},"end":{"line":97,"column":81}},"37":{"start":{"line":98,"column":12},"end":{"line":98,"column":53}},"38":{"start":{"line":99,"column":12},"end":{"line":99,"column":63}},"39":{"start":{"line":101,"column":29},"end":{"line":113,"column":10}},"40":{"start":{"line":114,"column":8},"end":{"line":114,"column":44}},"41":{"start":{"line":115,"column":8},"end":{"line":115,"column":11}},"42":{"start":{"line":117,"column":4},"end":{"line":119,"column":6}},"43":{"start":{"line":123,"column":15},"end":{"line":123,"column":35}},"44":{"start":{"line":124,"column":15},"end":{"line":124,"column":38}},"45":{"start":{"line":126,"column":4},"end":{"line":133,"column":7}},"46":{"start":{"line":128,"column":8},"end":{"line":132,"column":9}},"47":{"start":{"line":129,"column":12},"end":{"line":129,"column":26}},"48":{"start":{"line":131,"column":12},"end":{"line":131,"column":55}},"49":{"start":{"line":137,"column":15},"end":{"line":137,"column":38}},"50":{"start":{"line":139,"column":4},"end":{"line":146,"column":7}},"51":{"start":{"line":141,"column":8},"end":{"line":145,"column":9}},"52":{"start":{"line":142,"column":12},"end":{"line":142,"column":26}},"53":{"start":{"line":144,"column":12},"end":{"line":144,"column":55}},"54":{"start":{"line":151,"column":4},"end":{"line":153,"column":6}},"55":{"start":{"line":152,"column":8},"end":{"line":152,"column":34}},"56":{"start":{"line":158,"column":0},"end":{"line":163,"column":1}}},"fnMap":{"0":{"name":"saveReservation","decl":{"start":{"line":12,"column":15},"end":{"line":12,"column":30}},"loc":{"start":{"line":12,"column":41},"end":{"line":50,"column":1}},"line":12},"1":{"name":"(anonymous_1)","decl":{"start":{"line":17,"column":64},"end":{"line":17,"column":65}},"loc":{"start":{"line":17,"column":74},"end":{"line":34,"column":5}},"line":17},"2":{"name":"(anonymous_2)","decl":{"start":{"line":36,"column":94},"end":{"line":36,"column":95}},"loc":{"start":{"line":36,"column":114},"end":{"line":49,"column":5}},"line":36},"3":{"name":"sendReservation","decl":{"start":{"line":53,"column":15},"end":{"line":53,"column":30}},"loc":{"start":{"line":53,"column":48},"end":{"line":120,"column":1}},"line":53},"4":{"name":"(anonymous_4)","decl":{"start":{"line":56,"column":47},"end":{"line":56,"column":48}},"loc":{"start":{"line":56,"column":57},"end":{"line":60,"column":5}},"line":56},"5":{"name":"(anonymous_5)","decl":{"start":{"line":76,"column":151},"end":{"line":76,"column":152}},"loc":{"start":{"line":76,"column":171},"end":{"line":92,"column":5}},"line":76},"6":{"name":"(anonymous_6)","decl":{"start":{"line":83,"column":32},"end":{"line":83,"column":33}},"loc":{"start":{"line":83,"column":56},"end":{"line":90,"column":13}},"line":83},"7":{"name":"(anonymous_7)","decl":{"start":{"line":96,"column":64},"end":{"line":96,"column":65}},"loc":{"start":{"line":96,"column":74},"end":{"line":100,"column":9}},"line":96},"8":{"name":"(anonymous_8)","decl":{"start":{"line":114,"column":28},"end":{"line":114,"column":29}},"loc":{"start":{"line":114,"column":40},"end":{"line":114,"column":43}},"line":114},"9":{"name":"getReservationByDayByConsole","decl":{"start":{"line":122,"column":15},"end":{"line":122,"column":43}},"loc":{"start":{"line":122,"column":54},"end":{"line":134,"column":1}},"line":122},"10":{"name":"(anonymous_10)","decl":{"start":{"line":126,"column":79},"end":{"line":126,"column":80}},"loc":{"start":{"line":126,"column":99},"end":{"line":133,"column":5}},"line":126},"11":{"name":"getReservationByDay","decl":{"start":{"line":136,"column":15},"end":{"line":136,"column":34}},"loc":{"start":{"line":136,"column":45},"end":{"line":147,"column":1}},"line":136},"12":{"name":"(anonymous_12)","decl":{"start":{"line":139,"column":60},"end":{"line":139,"column":61}},"loc":{"start":{"line":139,"column":80},"end":{"line":146,"column":5}},"line":139},"13":{"name":"getAllReservation","decl":{"start":{"line":150,"column":9},"end":{"line":150,"column":26}},"loc":{"start":{"line":150,"column":37},"end":{"line":154,"column":1}},"line":150},"14":{"name":"(anonymous_14)","decl":{"start":{"line":151,"column":38},"end":{"line":151,"column":39}},"loc":{"start":{"line":151,"column":58},"end":{"line":153,"column":5}},"line":151}},"branchMap":{"0":{"loc":{"start":{"line":19,"column":8},"end":{"line":33,"column":9}},"type":"if","locations":[{"start":{"line":19,"column":8},"end":{"line":33,"column":9}},{"start":{"line":19,"column":8},"end":{"line":33,"column":9}}],"line":19},"1":{"loc":{"start":{"line":24,"column":12},"end":{"line":32,"column":13}},"type":"if","locations":[{"start":{"line":24,"column":12},"end":{"line":32,"column":13}},{"start":{"line":24,"column":12},"end":{"line":32,"column":13}}],"line":24},"2":{"loc":{"start":{"line":38,"column":8},"end":{"line":48,"column":9}},"type":"if","locations":[{"start":{"line":38,"column":8},"end":{"line":48,"column":9}},{"start":{"line":38,"column":8},"end":{"line":48,"column":9}}],"line":38},"3":{"loc":{"start":{"line":41,"column":12},"end":{"line":45,"column":13}},"type":"if","locations":[{"start":{"line":41,"column":12},"end":{"line":45,"column":13}},{"start":{"line":41,"column":12},"end":{"line":45,"column":13}}],"line":41},"4":{"loc":{"start":{"line":78,"column":8},"end":{"line":91,"column":9}},"type":"if","locations":[{"start":{"line":78,"column":8},"end":{"line":91,"column":9}},{"start":{"line":78,"column":8},"end":{"line":91,"column":9}}],"line":78},"5":{"loc":{"start":{"line":84,"column":16},"end":{"line":86,"column":17}},"type":"if","locations":[{"start":{"line":84,"column":16},"end":{"line":86,"column":17}},{"start":{"line":84,"column":16},"end":{"line":86,"column":17}}],"line":84},"6":{"loc":{"start":{"line":87,"column":16},"end":{"line":89,"column":17}},"type":"if","locations":[{"start":{"line":87,"column":16},"end":{"line":89,"column":17}},{"start":{"line":87,"column":16},"end":{"line":89,"column":17}}],"line":87},"7":{"loc":{"start":{"line":128,"column":8},"end":{"line":132,"column":9}},"type":"if","locations":[{"start":{"line":128,"column":8},"end":{"line":132,"column":9}},{"start":{"line":128,"column":8},"end":{"line":132,"column":9}}],"line":128},"8":{"loc":{"start":{"line":141,"column":8},"end":{"line":145,"column":9}},"type":"if","locations":[{"start":{"line":141,"column":8},"end":{"line":145,"column":9}},{"start":{"line":141,"column":8},"end":{"line":145,"column":9}}],"line":141}},"s":{"0":1,"1":1,"2":1,"3":1,"4":0,"5":0,"6":0,"7":0,"8":0,"9":0,"10":0,"11":0,"12":0,"13":0,"14":0,"15":0,"16":0,"17":0,"18":0,"19":0,"20":0,"21":0,"22":0,"23":0,"24":0,"25":0,"26":0,"27":0,"28":0,"29":0,"30":0,"31":0,"32":0,"33":0,"34":0,"35":0,"36":0,"37":0,"38":0,"39":0,"40":0,"41":0,"42":0,"43":0,"44":0,"45":0,"46":0,"47":0,"48":0,"49":0,"50":0,"51":0,"52":0,"53":0,"54":0,"55":0,"56":1},"f":{"0":0,"1":0,"2":0,"3":0,"4":0,"5":0,"6":0,"7":0,"8":0,"9":0,"10":0,"11":0,"12":0,"13":0,"14":0},"b":{"0":[0,0],"1":[0,0],"2":[0,0],"3":[0,0],"4":[0,0],"5":[0,0],"6":[0,0],"7":[0,0],"8":[0,0]},"_coverageSchema":"332fd63041d2c1bcb487cc26dd0d5f7d97098a6c","hash":"386b4d4d76e4d1de65b7a8e7b6b1a67e268ee10f","contentHash":"73a6cff7336afa2c46696fd2cc60fd2c_11.4.1"},"/home/jersonlopez/Documentos/Proyectos/Integrador-Backend/App/features/db/playRoom/reservation/model.js":{"path":"/home/jersonlopez/Documentos/Proyectos/Integrador-Backend/App/features/db/playRoom/reservation/model.js","statementMap":{"0":{"start":{"line":1,"column":15},"end":{"line":1,"column":34}},"1":{"start":{"line":4,"column":14},"end":{"line":4,"column":33}},"2":{"start":{"line":6,"column":13},"end":{"line":6,"column":28}},"3":{"start":{"line":8,"column":24},"end":{"line":8,"column":66}},"4":{"start":{"line":10,"column":18},"end":{"line":10,"column":74}},"5":{"start":{"line":13,"column":2},"end":{"line":13,"column":20}},"6":{"start":{"line":16,"column":0},"end":{"line":18,"column":1}}},"fnMap":{"0":{"name":"getReservation","decl":{"start":{"line":12,"column":9},"end":{"line":12,"column":23}},"loc":{"start":{"line":12,"column":26},"end":{"line":14,"column":1}},"line":12}},"branchMap":{},"s":{"0":1,"1":1,"2":1,"3":1,"4":1,"5":1,"6":1},"f":{"0":1},"b":{},"_coverageSchema":"332fd63041d2c1bcb487cc26dd0d5f7d97098a6c","hash":"8f13e203fdc01d5a91a03cd9e073efde6dec2229","contentHash":"c93a1180d8864720f0ad82be71e18183_11.4.1"},"/home/jersonlopez/Documentos/Proyectos/Integrador-Backend/App/features/db/playRoom/reservation/schema.js":{"path":"/home/jersonlopez/Documentos/Proyectos/Integrador-Backend/App/features/db/playRoom/reservation/schema.js","statementMap":{"0":{"start":{"line":3,"column":28},"end":{"line":49,"column":1}},"1":{"start":{"line":52,"column":4},"end":{"line":52,"column":32}},"2":{"start":{"line":55,"column":2},"end":{"line":57,"column":3}}},"fnMap":{"0":{"name":"getReservationSchema","decl":{"start":{"line":51,"column":11},"end":{"line":51,"column":31}},"loc":{"start":{"line":51,"column":34},"end":{"line":53,"column":3}},"line":51}},"branchMap":{},"s":{"0":1,"1":1,"2":1},"f":{"0":1},"b":{},"_coverageSchema":"332fd63041d2c1bcb487cc26dd0d5f7d97098a6c","hash":"d504f8ff065e1ed0c831128574a1b837f2e77eb9","contentHash":"6771c92851ff93aa18ffb48ac72a36fd_11.4.1"},"/home/jersonlopez/Documentos/Proyectos/Integrador-Backend/App/features/db/playRoom/reservation/send.js":{"path":"/home/jersonlopez/Documentos/Proyectos/Integrador-Backend/App/features/db/playRoom/reservation/send.js","statementMap":{"0":{"start":{"line":1,"column":19},"end":{"line":1,"column":40}},"1":{"start":{"line":3,"column":0},"end":{"line":37,"column":1}},"2":{"start":{"line":5,"column":22},"end":{"line":16,"column":6}},"3":{"start":{"line":19,"column":22},"end":{"line":26,"column":5}},"4":{"start":{"line":29,"column":4},"end":{"line":34,"column":7}},"5":{"start":{"line":30,"column":8},"end":{"line":32,"column":9}},"6":{"start":{"line":31,"column":12},"end":{"line":31,"column":38}}},"fnMap":{"0":{"name":"(anonymous_0)","decl":{"start":{"line":3,"column":26},"end":{"line":3,"column":27}},"loc":{"start":{"line":3,"column":48},"end":{"line":37,"column":1}},"line":3},"1":{"name":"(anonymous_1)","decl":{"start":{"line":29,"column":38},"end":{"line":29,"column":39}},"loc":{"start":{"line":29,"column":55},"end":{"line":34,"column":5}},"line":29}},"branchMap":{"0":{"loc":{"start":{"line":30,"column":8},"end":{"line":32,"column":9}},"type":"if","locations":[{"start":{"line":30,"column":8},"end":{"line":32,"column":9}},{"start":{"line":30,"column":8},"end":{"line":32,"column":9}}],"line":30}},"s":{"0":1,"1":1,"2":0,"3":0,"4":0,"5":0,"6":0},"f":{"0":0,"1":0},"b":{"0":[0,0]},"_coverageSchema":"332fd63041d2c1bcb487cc26dd0d5f7d97098a6c","hash":"c94e5d13791a6c5ffaf740073b2e3710ab6a57b1","contentHash":"669d7efe0789951c63d9bb12a73fc097_11.4.1"},"/home/jersonlopez/Documentos/Proyectos/Integrador-Backend/App/features/db/playRoom/register/route.js":{"path":"/home/jersonlopez/Documentos/Proyectos/Integrador-Backend/App/features/db/playRoom/register/route.js","statementMap":{"0":{"start":{"line":1,"column":15},"end":{"line":1,"column":40}},"1":{"start":{"line":3,"column":21},"end":{"line":3,"column":38}},"2":{"start":{"line":5,"column":13},"end":{"line":5,"column":25}},"3":{"start":{"line":7,"column":0},"end":{"line":10,"column":2}},"4":{"start":{"line":9,"column":4},"end":{"line":9,"column":40}},"5":{"start":{"line":12,"column":0},"end":{"line":12,"column":23}}},"fnMap":{"0":{"name":"(anonymous_0)","decl":{"start":{"line":8,"column":7},"end":{"line":8,"column":8}},"loc":{"start":{"line":8,"column":20},"end":{"line":10,"column":1}},"line":8}},"branchMap":{},"s":{"0":1,"1":1,"2":1,"3":1,"4":0,"5":1},"f":{"0":0},"b":{},"_coverageSchema":"332fd63041d2c1bcb487cc26dd0d5f7d97098a6c","hash":"78f72a445b04f8be9887d9570431a63cd6e4cb42","contentHash":"0d7fdb903f9b4a7665bb6630288fbcbb_11.4.1"},"/home/jersonlopez/Documentos/Proyectos/Integrador-Backend/App/features/db/playRoom/register/util.js":{"path":"/home/jersonlopez/Documentos/Proyectos/Integrador-Backend/App/features/db/playRoom/register/util.js","statementMap":{"0":{"start":{"line":1,"column":20},"end":{"line":1,"column":39}},"1":{"start":{"line":3,"column":0},"end":{"line":3,"column":43}},"2":{"start":{"line":8,"column":4},"end":{"line":10,"column":5}},"3":{"start":{"line":9,"column":6},"end":{"line":9,"column":32}},"4":{"start":{"line":13,"column":0},"end":{"line":15,"column":1}}},"fnMap":{"0":{"name":"getAllRegister","decl":{"start":{"line":7,"column":9},"end":{"line":7,"column":23}},"loc":{"start":{"line":7,"column":35},"end":{"line":11,"column":1}},"line":7},"1":{"name":"(anonymous_1)","decl":{"start":{"line":8,"column":41},"end":{"line":8,"column":42}},"loc":{"start":{"line":8,"column":61},"end":{"line":10,"column":3}},"line":8}},"branchMap":{},"s":{"0":1,"1":1,"2":0,"3":0,"4":1},"f":{"0":0,"1":0},"b":{},"_coverageSchema":"332fd63041d2c1bcb487cc26dd0d5f7d97098a6c","hash":"4c66302468c2a24043fd0527dcb4da73973f9c43","contentHash":"1ac95580d73427b5f68a0cd61033132a_11.4.1"},"/home/jersonlopez/Documentos/Proyectos/Integrador-Backend/App/features/route/routeResource.js":{"path":"/home/jersonlopez/Documentos/Proyectos/Integrador-Backend/App/features/route/routeResource.js","statementMap":{"0":{"start":{"line":1,"column":15},"end":{"line":1,"column":40}},"1":{"start":{"line":3,"column":36},"end":{"line":3,"column":73}},"2":{"start":{"line":5,"column":13},"end":{"line":5,"column":25}},"3":{"start":{"line":7,"column":0},"end":{"line":10,"column":2}},"4":{"start":{"line":9,"column":4},"end":{"line":9,"column":17}},"5":{"start":{"line":12,"column":0},"end":{"line":15,"column":2}},"6":{"start":{"line":14,"column":4},"end":{"line":14,"column":16}},"7":{"start":{"line":17,"column":0},"end":{"line":20,"column":2}},"8":{"start":{"line":19,"column":4},"end":{"line":19,"column":19}},"9":{"start":{"line":22,"column":0},"end":{"line":25,"column":2}},"10":{"start":{"line":24,"column":4},"end":{"line":24,"column":19}},"11":{"start":{"line":28,"column":0},"end":{"line":28,"column":23}}},"fnMap":{"0":{"name":"(anonymous_0)","decl":{"start":{"line":8,"column":8},"end":{"line":8,"column":9}},"loc":{"start":{"line":8,"column":21},"end":{"line":10,"column":1}},"line":8},"1":{"name":"(anonymous_1)","decl":{"start":{"line":13,"column":7},"end":{"line":13,"column":8}},"loc":{"start":{"line":13,"column":20},"end":{"line":15,"column":1}},"line":13},"2":{"name":"(anonymous_2)","decl":{"start":{"line":18,"column":7},"end":{"line":18,"column":8}},"loc":{"start":{"line":18,"column":20},"end":{"line":20,"column":1}},"line":18},"3":{"name":"(anonymous_3)","decl":{"start":{"line":23,"column":10},"end":{"line":23,"column":11}},"loc":{"start":{"line":23,"column":23},"end":{"line":25,"column":1}},"line":23}},"branchMap":{},"s":{"0":1,"1":1,"2":1,"3":1,"4":0,"5":1,"6":1,"7":1,"8":0,"9":1,"10":0,"11":1},"f":{"0":0,"1":1,"2":0,"3":0},"b":{},"_coverageSchema":"332fd63041d2c1bcb487cc26dd0d5f7d97098a6c","hash":"38dfc4e76931f4d8bdf4efb4bcb6187d313d62e8","contentHash":"b6eaf0d36af896905a5ebee80cd74cc8_11.4.1"},"/home/jersonlopez/Documentos/Proyectos/Integrador-Backend/App/features/request/requestResource.js":{"path":"/home/jersonlopez/Documentos/Proyectos/Integrador-Backend/App/features/request/requestResource.js","statementMap":{"0":{"start":{"line":2,"column":73},"end":{"line":2,"column":118}},"1":{"start":{"line":4,"column":11},"end":{"line":7,"column":1}},"2":{"start":{"line":5,"column":15},"end":{"line":5,"column":23}},"3":{"start":{"line":6,"column":4},"end":{"line":6,"column":38}},"4":{"start":{"line":9,"column":10},"end":{"line":12,"column":1}},"5":{"start":{"line":10,"column":15},"end":{"line":10,"column":25}},"6":{"start":{"line":11,"column":4},"end":{"line":11,"column":40}},"7":{"start":{"line":14,"column":13},"end":{"line":17,"column":1}},"8":{"start":{"line":15,"column":15},"end":{"line":15,"column":23}},"9":{"start":{"line":16,"column":4},"end":{"line":16,"column":43}},"10":{"start":{"line":19,"column":13},"end":{"line":22,"column":1}},"11":{"start":{"line":20,"column":15},"end":{"line":20,"column":23}},"12":{"start":{"line":21,"column":4},"end":{"line":21,"column":41}},"13":{"start":{"line":23,"column":0},"end":{"line":28,"column":1}}},"fnMap":{"0":{"name":"(anonymous_0)","decl":{"start":{"line":4,"column":11},"end":{"line":4,"column":12}},"loc":{"start":{"line":4,"column":31},"end":{"line":7,"column":1}},"line":4},"1":{"name":"(anonymous_1)","decl":{"start":{"line":9,"column":10},"end":{"line":9,"column":11}},"loc":{"start":{"line":9,"column":30},"end":{"line":12,"column":1}},"line":9},"2":{"name":"(anonymous_2)","decl":{"start":{"line":14,"column":13},"end":{"line":14,"column":14}},"loc":{"start":{"line":14,"column":33},"end":{"line":17,"column":1}},"line":14},"3":{"name":"(anonymous_3)","decl":{"start":{"line":19,"column":13},"end":{"line":19,"column":14}},"loc":{"start":{"line":19,"column":33},"end":{"line":22,"column":1}},"line":19}},"branchMap":{},"s":{"0
[...]
jersonlopez/Documentos/Proyectos/Integrador-Backend/App/features/domain/entities/Loan.js","statementMap":{"0":{"start":{"line":3,"column":15},"end":{"line":3,"column":34}},"1":{"start":{"line":4,"column":13},"end":{"line":4,"column":28}},"2":{"start":{"line":6,"column":21},"end":{"line":51,"column":3}},"3":{"start":{"line":54,"column":19},"end":{"line":54,"column":45}},"4":{"start":{"line":55,"column":13},"end":{"line":55,"column":47}},"5":{"start":{"line":57,"column":2},"end":{"line":59,"column":3}}},"fnMap":{},"branchMap":{},"s":{"0":1,"1":1,"2":1,"3":1,"4":1,"5":1},"f":{},"b":{},"_coverageSchema":"332fd63041d2c1bcb487cc26dd0d5f7d97098a6c","hash":"86fb1616316b4512979c273e29b478c617eee92d","contentHash":"06567b1aaee16f8ffc4e39652fec4c77_11.4.1"},"/home/jersonlopez/Documentos/Proyectos/Integrador-Backend/App/features/route/routeDevolution.js":{"path":"/home/jersonlopez/Documentos/Proyectos/Integrador-Backend/App/features/route/routeDevolution.js","statementMap":{"0":{"start":{"line":1,"column":15},"end":{"line":1,"column":40}},"1":{"start":{"line":3,"column":23},"end":{"line":3,"column":62}},"2":{"start":{"line":5,"column":13},"end":{"line":5,"column":25}},"3":{"start":{"line":7,"column":0},"end":{"line":10,"column":2}},"4":{"start":{"line":9,"column":4},"end":{"line":9,"column":17}},"5":{"start":{"line":12,"column":0},"end":{"line":15,"column":2}},"6":{"start":{"line":14,"column":4},"end":{"line":14,"column":19}},"7":{"start":{"line":18,"column":0},"end":{"line":18,"column":23}}},"fnMap":{"0":{"name":"(anonymous_0)","decl":{"start":{"line":8,"column":8},"end":{"line":8,"column":9}},"loc":{"start":{"line":8,"column":21},"end":{"line":10,"column":1}},"line":8},"1":{"name":"(anonymous_1)","decl":{"start":{"line":13,"column":7},"end":{"line":13,"column":8}},"loc":{"start":{"line":13,"column":20},"end":{"line":15,"column":1}},"line":13}},"branchMap":{},"s":{"0":1,"1":1,"2":1,"3":1,"4":0,"5":1,"6":0,"7":1},"f":{"0":0,"1":0},"b":{},"_coverageSchema":"332fd63041d2c1bcb487cc26dd0d5f7d97098a6c","hash":"1f02cf29d3844c308fa138422de113f8c1132076","contentHash":"49d43e50a57370b3ab367f0673623641_11.4.1"},"/home/jersonlopez/Documentos/Proyectos/Integrador-Backend/App/features/request/requestDevolution.js":{"path":"/home/jersonlopez/Documentos/Proyectos/Integrador-Backend/App/features/request/requestDevolution.js","statementMap":{"0":{"start":{"line":2,"column":41},"end":{"line":2,"column":88}},"1":{"start":{"line":5,"column":11},"end":{"line":8,"column":1}},"2":{"start":{"line":6,"column":15},"end":{"line":6,"column":23}},"3":{"start":{"line":7,"column":4},"end":{"line":7,"column":40}},"4":{"start":{"line":10,"column":13},"end":{"line":12,"column":1}},"5":{"start":{"line":11,"column":4},"end":{"line":11,"column":38}},"6":{"start":{"line":14,"column":0},"end":{"line":17,"column":1}}},"fnMap":{"0":{"name":"(anonymous_0)","decl":{"start":{"line":5,"column":11},"end":{"line":5,"column":12}},"loc":{"start":{"line":5,"column":31},"end":{"line":8,"column":1}},"line":5},"1":{"name":"(anonymous_1)","decl":{"start":{"line":10,"column":13},"end":{"line":10,"column":14}},"loc":{"start":{"line":10,"column":32},"end":{"line":12,"column":1}},"line":10}},"branchMap":{},"s":{"0":1,"1":1,"2":0,"3":0,"4":1,"5":0,"6":1},"f":{"0":0,"1":0},"b":{},"_coverageSchema":"332fd63041d2c1bcb487cc26dd0d5f7d97098a6c","hash":"85bbc6b583b33b2d9dd8fd11ea4d8e269789a349","contentHash":"bf05afc2b9010cece3292445d9bde4fc_11.4.1"},"/home/jersonlopez/Documentos/Proyectos/Integrador-Backend/App/features/domain/services/serviceDevolution.js":{"path":"/home/jersonlopez/Documentos/Proyectos/Integrador-Backend/App/features/domain/services/serviceDevolution.js","statementMap":{"0":{"start":{"line":3,"column":19},"end":{"line":3,"column":50}},"1":{"start":{"line":4,"column":15},"end":{"line":4,"column":42}},"2":{"start":{"line":5,"column":19},"end":{"line":5,"column":50}},"3":{"start":{"line":6,"column":21},"end":{"line":6,"column":54}},"4":{"start":{"line":7,"column":37},"end":{"line":7,"column":66}},"5":{"start":{"line":9,"column":17},"end":{"line":9,"column":25}},"6":{"start":{"line":10,"column":27},"end":{"line":10,"column":35}},"7":{"start":{"line":11,"column":22},"end":{"line":11,"column":23}},"8":{"start":{"line":13,"column":18},"end":{"line":22,"column":1}},"9":{"start":{"line":14,"column":14},"end":{"line":14,"column":24}},"10":{"start":{"line":15,"column":19},"end":{"line":15,"column":84}},"11":{"start":{"line":16,"column":2},"end":{"line":21,"column":5}},"12":{"start":{"line":18,"column":4},"end":{"line":18,"column":15}},"13":{"start":{"line":20,"column":4},"end":{"line":20,"column":23}},"14":{"start":{"line":26,"column":21},"end":{"line":86,"column":1}},"15":{"start":{"line":27,"column":16},"end":{"line":27,"column":21}},"16":{"start":{"line":29,"column":15},"end":{"line":29,"column":78}},"17":{"start":{"line":30,"column":19},"end":{"line":30,"column":25}},"18":{"start":{"line":31,"column":12},"end":{"line":31,"column":48}},"19":{"start":{"line":33,"column":2},"end":{"line":40,"column":3}},"20":{"start":{"line":34,"column":4},"end":{"line":34,"column":18}},"21":{"start":{"line":35,"column":4},"end":{"line":35,"column":64}},"22":{"start":{"line":37,"column":16},"end":{"line":37,"column":46}},"23":{"start":{"line":38,"column":20},"end":{"line":38,"column":52}},"24":{"start":{"line":39,"column":6},"end":{"line":39,"column":38}},"25":{"start":{"line":42,"column":2},"end":{"line":42,"column":21}},"26":{"start":{"line":42,"column":14},"end":{"line":42,"column":20}},"27":{"start":{"line":44,"column":23},"end":{"line":44,"column":50}},"28":{"start":{"line":45,"column":20},"end":{"line":45,"column":31}},"29":{"start":{"line":46,"column":13},"end":{"line":46,"column":62}},"30":{"start":{"line":48,"column":13},"end":{"line":48,"column":78}},"31":{"start":{"line":49,"column":2},"end":{"line":49,"column":46}},"32":{"start":{"line":51,"column":17},"end":{"line":51,"column":42}},"33":{"start":{"line":52,"column":2},"end":{"line":52,"column":51}},"34":{"start":{"line":53,"column":19},"end":{"line":53,"column":41}},"35":{"start":{"line":55,"column":2},"end":{"line":60,"column":3}},"36":{"start":{"line":56,"column":4},"end":{"line":56,"column":86}},"37":{"start":{"line":57,"column":4},"end":{"line":57,"column":26}},"38":{"start":{"line":59,"column":4},"end":{"line":59,"column":17}},"39":{"start":{"line":62,"column":22},"end":{"line":70,"column":4}},"40":{"start":{"line":72,"column":23},"end":{"line":72,"column":54}},"41":{"start":{"line":73,"column":13},"end":{"line":73,"column":61}},"42":{"start":{"line":75,"column":29},"end":{"line":75,"column":49}},"43":{"start":{"line":76,"column":20},"end":{"line":76,"column":84}},"44":{"start":{"line":77,"column":2},"end":{"line":77,"column":59}},"45":{"start":{"line":79,"column":2},"end":{"line":85,"column":3}},"46":{"start":{"line":80,"column":4},"end":{"line":80,"column":29}},"47":{"start":{"line":81,"column":4},"end":{"line":81,"column":100}},"48":{"start":{"line":83,"column":4},"end":{"line":83,"column":29}},"49":{"start":{"line":84,"column":4},"end":{"line":84,"column":63}},"50":{"start":{"line":88,"column":23},"end":{"line":93,"column":1}},"51":{"start":{"line":89,"column":17},"end":{"line":89,"column":19}},"52":{"start":{"line":90,"column":21},"end":{"line":90,"column":32}},"53":{"start":{"line":91,"column":17},"end":{"line":91,"column":59}},"54":{"start":{"line":92,"column":4},"end":{"line":92,"column":18}},"55":{"start":{"line":95,"column":0},"end":{"line":99,"column":1}}},"fnMap":{"0":{"name":"(anonymous_0)","decl":{"start":{"line":13,"column":18},"end":{"line":13,"column":19}},"loc":{"start":{"line":13,"column":32},"end":{"line":22,"column":1}},"line":13},"1":{"name":"(anonymous_1)","decl":{"start":{"line":17,"column":8},"end":{"line":17,"column":9}},"loc":{"start":{"line":17,"column":18},"end":{"line":19,"column":3}},"line":17},"2":{"name":"(anonymous_2)","decl":{"start":{"line":19,"column":11},"end":{"line":19,"column":12}},"loc":{"start":{"line":19,"column":20},"end":{"line":21,"column":3}},"line":19},"3":{"name":"(anonymous_3)","decl":{"start":{"line":26,"column":21},"end":{"line":26,"column":22}},"loc":{"start":{"line":26,"column":36},"end":{"line":86,"column":1}},"line":26},"4":{"name":"(anonymous_4)","decl":{"start":{"line":88,"column":23},"end":{"line":88,"column":24}},"loc":{"start":{"line":88,"column":35},"end":{"line":93,"column":1}},"line":88}},"branchMap":{"0":{"loc":{"start":{"line":33,"column":2},"end":{"line":40,"column":3}},"type":"if","locations":[{"start":{"line":33,"column":2},"end":{"line":40,"column":3}},{"start":{"line":33,"column":2},"end":{"line":40,"column":3}}],"line":33},"1":{"loc":{"start":{"line":42,"column":2},"end":{"line":42,"column":21}},"type":"if","locations":[{"start":{"line":42,"column":2},"end":{"line":42,"column":21}},{"start":{"line":42,"column":2},"end":{"line":42,"column":21}}],"line":42},"2":{"loc":{"start":{"line":55,"column":2},"end":{"line":60,"column":3}},"type":"if","locations":[{"start":{"line":55,"column":2},"end":{"line":60,"column":3}},{"start":{"line":55,"column":2},"end":{"line":60,"column":3}}],"line":55},"3":{"loc":{"start":{"line":79,"column":2},"end":{"line":85,"column":3}},"type":"if","locations":[{"start":{"line":79,"column":2},"end":{"line":85,"column":3}},{"start":{"line":79,"column":2},"end":{"line":85,"column":3}}],"line":79}},"s":{"0":1,"1":1,"2":1,"3":1,"4":1,"5":1,"6":1,"7":1,"8":1,"9":0,"10":0,"11":0,"12":0,"13":0,"14":1,"15":0,"16":0,"17":0,"18":0,"19":0,"20":0,"21":0,"22":0,"23":0,"24":0,"25":0,"26":0,"27":0,"28":0,"29":0,"30":0,"31":0,"32":0,"33":0,"34":0,"35":0,"36":0,"37":0,"38":0,"39":0,"40":0,"41":0,"42":0,"43":0,"44":0,"45":0,"46":0,"47":0,"48":0,"49":0,"50":1,"51":0,"52":0,"53":0,"54":0,"55":1},"f":{"0":0,"1":0,"2":0,"3":0,"4":0},"b":{"0":[0,0],"1":[0,0],"2":[0,0],"3":[0,0]},"_coverageSchema":"332fd63041d2c1bcb487cc26dd0d5f7d97098a6c","hash":"b233eb8a708d99e94e04fa194a6a0328772eca7f","contentHash":"008ed24627be75b06ab25c73b6cb50e7_11.4.1"},"/home/jersonlopez/Documentos/Proyectos/Integrador-Backend/App/features/route/routeUser.js":{"path":"/home/jersonlopez/Documentos/Proyectos/Integrador-Backend/App/features/route/routeUser.js","statementMap":{"0":{"start":{"line":1,"column":15},"end":{"line":1,"column":40}},"1":{"start":{"line":3,"column":36},"end":{"line":3,"column":69}},"2":{"start":{"line":5,"column":13},"end":{"line":5,"column":25}},"3":{"start":{"line":7,"column":0},"end":{"line":10,"column":4}},"4":{"start":{"line":9,"column":4},"end":{"line":9,"column":17}},"5":{"start":{"line":13,"column":0},"end":{"line":16,"column":2}},"6":{"start":{"line":15,"column":2},"end":{"line":15,"column":16}},"7":{"start":{"line":19,"column":0},"end":{"line":22,"column":2}},"8":{"start":{"line":21,"column":2},"end":{"line":21,"column":14}},"9":{"start":{"line":24,"column":0},"end":{"line":27,"column":3}},"10":{"start":{"line":26,"column":4},"end":{"line":26,"column":19}},"11":{"start":{"line":29,"column":0},"end":{"line":29,"column":23}}},"fnMap":{"0":{"name":"(anonymous_0)","decl":{"start":{"line":8,"column":8},"end":{"line":8,"column":9}},"loc":{"start":{"line":8,"column":21},"end":{"line":10,"column":3}},"line":8},"1":{"name":"(anonymous_1)","decl":{"start":{"line":14,"column":6},"end":{"line":14,"column":7}},"loc":{"start":{"line":14,"column":19},"end":{"line":16,"column":1}},"line":14},"2":{"name":"(anonymous_2)","decl":{"start":{"line":20,"column":5},"end":{"line":20,"column":6}},"loc":{"start":{"line":20,"column":18},"end":{"line":22,"column":1}},"line":20},"3":{"name":"(anonymous_3)","decl":{"start":{"line":25,"column":10},"end":{"line":25,"column":11}},"loc":{"start":{"line":25,"column":23},"end":{"line":27,"column":2}},"line":25}},"branchMap":{},"s":{"0":1,"1":1,"2":1,"3":1,"4":0,"5":1,"6":0,"7":1,"8":0,"9":1,"10":0,"11":1},"f":{"0":0,"1":0,"2":0,"3":0},"b":{},"_coverageSchema":"332fd63041d2c1bcb487cc26dd0d5f7d97098a6c","hash":"af69a9897ca31da116b8605bbb70ea60fecdb2bc","contentHash":"15acc7fa07c195960040af9e58c8df31_11.4.1"},"/home/jersonlopez/Documentos/Proyectos/Integrador-Backend/App/features/request/requestUser.js":{"path":"/home/jersonlopez/Documentos/Proyectos/Integrador-Backend/App/features/request/requestUser.js","statementMap":{"0":{"start":{"line":3,"column":60},"end":{"line":3,"column":101}},"1":{"start":{"line":5,"column":11},"end":{"line":8,"column":1}},"2":{"start":{"line":6,"column":15},"end":{"line":6,"column":23}},"3":{"start":{"line":7,"column":4},"end":{"line":7,"column":34}},"4":{"start":{"line":10,"column":13},"end":{"line":13,"column":1}},"5":{"start":{"line":11,"column":15},"end":{"line":11,"column":25}},"6":{"start":{"line":12,"column":4},"end":{"line":12,"column":36}},"7":{"start":{"line":15,"column":12},"end":{"line":18,"column":1}},"8":{"start":{"line":16,"column":15},"end":{"line":16,"column":23}},"9":{"start":{"line":17,"column":4},"end":{"line":17,"column":32}},"10":{"start":{"line":20,"column":10},"end":{"line":22,"column":1}},"11":{"start":{"line":21,"column":4},"end":{"line":21,"column":39}},"12":{"start":{"line":24,"column":0},"end":{"line":29,"column":1}}},"fnMap":{"0":{"name":"(anonymous_0)","decl":{"start":{"line":5,"column":11},"end":{"line":5,"column":12}},"loc":{"start":{"line":5,"column":31},"end":{"line":8,"column":1}},"line":5},"1":{"name":"(anonymous_1)","decl":{"start":{"line":10,"column":13},"end":{"line":10,"column":14}},"loc":{"start":{"line":10,"column":33},"end":{"line":13,"column":1}},"line":10},"2":{"name":"(anonymous_2)","decl":{"start":{"line":15,"column":12},"end":{"line":15,"column":13}},"loc":{"start":{"line":15,"column":32},"end":{"line":18,"column":1}},"line":15},"3":{"name":"(anonymous_3)","decl":{"start":{"line":20,"column":10},"end":{"line":20,"column":11}},"loc":{"start":{"line":20,"column":30},"end":{"line":22,"column":1}},"line":20}},"branchMap":{},"s":{"0":1,"1":1,"2":0,"3":0,"4":1,"5":0,"6":0,"7":1,"8":0,"9":0,"10":1,"11":0,"12":1},"f":{"0":0,"1":0,"2":0,"3":0},"b":{},"_coverageSchema":"332fd63041d2c1bcb487cc26dd0d5f7d97098a6c","hash":"96987e7709d0dd5aebd6e0389bec7331b1da8af7","contentHash":"010d1d69814605088adae37e6288f704_11.4.1"},"/home/jersonlopez/Documentos/Proyectos/Integrador-Backend/App/features/domain/services/serviceUser.js":{"path":"/home/jersonlopez/Documentos/Proyectos/Integrador-Backend/App/features/domain/services/serviceUser.js","statementMap":{"0":{"start":{"line":3,"column":36},"end":{"line":3,"column":65}},"1":{"start":{"line":4,"column":17},"end":{"line":4,"column":44}},"2":{"start":{"line":6,"column":15},"end":{"line":19,"column":1}},"3":{"start":{"line":7,"column":18},"end":{"line":13,"column":6}},"4":{"start":{"line":15,"column":4},"end":{"line":15,"column":23}},"5":{"start":{"line":16,"column":4},"end":{"line":18,"column":5}},"6":{"start":{"line":21,"column":13},"end":{"line":43,"column":1}},"7":{"start":{"line":22,"column":17},"end":{"line":25,"column":5}},"8":{"start":{"line":26,"column":21},"end":{"line":26,"column":28}},"9":{"start":{"line":27,"column":14},"end":{"line":27,"column":50}},"10":{"start":{"line":29,"column":4},"end":{"line":42,"column":5}},"11":{"start":{"line":30,"column":22},"end":{"line":30,"column":32}},"12":{"start":{"line":31,"column":25},"end":{"line":31,"column":38}},"13":{"start":{"line":32,"column":23},"end":{"line":32,"column":38}},"14":{"start":{"line":33,"column":8},"end":{"line":37,"column":10}},"15":{"start":{"line":39,"column":8},"end":{"line":41,"column":10}},"16":{"start":{"line":45,"column":24},"end":{"line":59,"column":1}},"17":{"start":{"line":47,"column":17},"end":{"line":47,"column":19}},"18":{"start":{"line":48,"column":21},"end":{"line":48,"column":33}},"19":{"start":{"line":49,"column":14},"end":{"line":49,"column":50}},"20":{"start":{"line":52,"column":21},"end":{"line":52,"column":23}},"21":{"start":{"line":53,"column":4},"end":{"line":57,"column":5}},"22":{"start":{"line":54,"column":8},"end":{"line":56,"column":9}},"23":{"start":{"line":55,"column":12},"end":{"line":55,"column":35}},"24":{"start":{"line":58,"column":4},"end":{"line":58,"column":21}},"25":{"start":{"line":61,"column":26},"end":{"line":75,"column":1}},"26":{"start":{"line":63,"column":17},"end":{"line":63,"column":19}},"27":{"start":{"line":64,"column":21},"end":{"line":64,"column":33}},"28":{"start":{"line":65,"column":14},"end":{"line":65,"column":50}},"29":{"start":{"line":68,"column":21},"end":{"line":68,"column":23}},"30":{"start":{"line":69,"column":4},"end":{"line":73,"column":5}},"31":{"start":{"line":70,"column":8},"end":{"line":72,"column":9}},"32":{"start":{"line":71,"column":12},"end":{"line":71,"column":35}},"33":{"start":{"line":74,"column":4},"end":{"line":74,"column":21}},"34":{"start":{"line":77,"column":17},"end":{"line":82,"column":1}},"35":{"start":{"line":79,"column":17},"end":{"line":79,"column":43}},"36":{"start":{"line":80,"column":4},"end":{"line":80,"column":30}},"37":{"start":{"line":81,"column":4},"end":{"line":81,"column":59}},"38":{"start":{"line":84,"column":0},"end":{"line":91,"column":1}}},"fnMap":{"0":{"name":"(anonymous_0)","decl":{"start":{"line":6,"column":15},"end":{"line":6,"column":16}},"loc":{"start":{"line":6,"column":30},"end":{"line":19,"column":1}},"line":6},"1":{"name":"(anonymous_1)","decl":{"start":{"line":21,"column":13},"end":{"line":21,"column":14}},"loc":{"start":{"line":21,"column":28},"end":{"line":43,"column":1}},"line":21},"2":{"name":"(anonymous_2)","decl":{"start":{"line":45,"column":24},"end":{"line":45,"column":25}},"loc":{"start":{"line":45,"column":44},"end":{"line":59,"column":1}},"line":45},"3":{"name":"(anonymous_3)","decl":{"start":{"line":61,"column":26},"end":{"line":61,"column":27}},"loc":{"start":{"line":61,"column":46},"end":{"line":75,"column":1}},"line":61},"4":{"name":"(anonymous_4)","decl":{"start":{"line":77,"column":17},"end":{"line":77,"column":18}},"loc":{"start":{"line":77,"column":37},"end":{"line":82,"column":1}},"line":77}},"branchMap":{"0":{"loc":{"start":{"line":29,"column":4},"end":{"line":42,"column":5}},"type":"if","locations":[{"start":{"line":29,"column":4},"end":{"line":42,"column":5}},{"start":{"line":29,"column":4},"end":{"line":42,"column":5}}],"line":29},"1":{"loc":{"start":{"line":54,"column":8},"end":{"line":56,"column":9}},"type":"if","locations":[{"start":{"line":54,"column":8},"end":{"line":56,"column":9}},{"start":{"line":54,"column":8},"end":{"line":56,"column":9}}],"line":54},"2":{"loc":{"start":{"line":70,"column":8},"end":{"line":72,"column":9}},"type":"if","locations":[{"start":{"line":70,"column":8},"end":{"line":72,"column":9}},{"start":{"line":70,"column":8},"end":{"line":72,"column":9}}],"line":70}},"s":{"0":1,"1":1,"2":1,"3":0,"4":0,"5":0,"6":1,"7":0,"8":0,"9":0,"10":0,"11":0,"12":0,"13":0,"14":0,"15":0,"16":1,"17":0,"18":0,"19":0,"20":0,"21":0,"22":0,"23":0,"24":0,"25":1,"26":0,"27":0,"28":0,"29":0,"30":0,"31":0,"32":0,"33":0,"34":1,"35":0,"36":0,"37":0,"38":1},"f":{"0":0,"1":0,"2":0,"3":0,"4":0},"b":{"0":[0,0],"1":[0,0],"2":[0,0]},"_coverageSchema":"332fd63041d2c1bcb487cc26dd0d5f7d97098a6c","hash":"f2234f10f2ccbfa024b13fc49fceecbbd52b2607","contentHash":"727323616ce9121fe224e5e50bf6fb8e_11.4.1"},"/home/jersonlopez/Documentos/Proyectos/Integrador-Backend/App/features/domain/entities/User.js":{"path":"/home/jersonlopez/Documentos/Proyectos/Integrador-Backend/App/features/domain/entities/User.js","statementMap":{"0":{"start":{"line":3,"column":15},"end":{"line":3,"column":34}},"1":{"start":{"line":4,"column":13},"end":{"line":4,"column":28}},"2":{"start":{"line":6,"column":22},"end":{"line":27,"column":3}},"3":{"start":{"line":29,"column":19},"end":{"line":29,"column":46}},"4":{"start":{"line":30,"column":13},"end":{"line":30,"column":47}},"5":{"start":{"line":33,"column":2},"end":{"line":35,"column":3}}},"fnMap":{},"branchMap":{},"s":{"0":1,"1":1,"2":1,"3":1,"4":1,"5":1},"f":{},"b":{},"_coverageSchema":"332fd63041d2c1bcb487cc26dd0d5f7d97098a6c","hash":"b17f34571ff4b0698994234c17cc98d7a50565f6","contentHash":"66e8b62643cfed32d970acfff5193163_11.4.1"}}